[2024-12-14 00:43:30,701] [INFO] [real_accelerator.py:219:get_accelerator] Setting ds_accelerator to cuda (auto detect)
[2024-12-14 00:43:30,708] [INFO] [real_accelerator.py:219:get_accelerator] Setting ds_accelerator to cuda (auto detect)
[2024-12-14 00:43:30,704] [INFO] [real_accelerator.py:219:get_accelerator] Setting ds_accelerator to cuda (auto detect)
[2024-12-14 00:43:30,711] [INFO] [real_accelerator.py:219:get_accelerator] Setting ds_accelerator to cuda (auto detect)
[2024-12-14 00:43:30,712] [INFO] [real_accelerator.py:219:get_accelerator] Setting ds_accelerator to cuda (auto detect)
[2024-12-14 00:43:30,714] [INFO] [real_accelerator.py:219:get_accelerator] Setting ds_accelerator to cuda (auto detect)
[2024-12-14 00:43:30,714] [INFO] [real_accelerator.py:219:get_accelerator] Setting ds_accelerator to cuda (auto detect)
[2024-12-14 00:43:30,715] [INFO] [real_accelerator.py:219:get_accelerator] Setting ds_accelerator to cuda (auto detect)
Warning: The cache directory for DeepSpeed Triton autotune, /home/s0/shpc152/.triton/autotune, appears to be on an NFS system. While this is generally acceptable, if you experience slowdowns or hanging when DeepSpeed exits, it is recommended to set the TRITON_CACHE_DIR environment variable to a non-NFS path.
Warning: The cache directory for DeepSpeed Triton autotune, /home/s0/shpc152/.triton/autotune, appears to be on an NFS system. While this is generally acceptable, if you experience slowdowns or hanging when DeepSpeed exits, it is recommended to set the TRITON_CACHE_DIR environment variable to a non-NFS path.
Warning: The cache directory for DeepSpeed Triton autotune, /home/s0/shpc152/.triton/autotune, appears to be on an NFS system. While this is generally acceptable, if you experience slowdowns or hanging when DeepSpeed exits, it is recommended to set the TRITON_CACHE_DIR environment variable to a non-NFS path.
Warning: The cache directory for DeepSpeed Triton autotune, /home/s0/shpc152/.triton/autotune, appears to be on an NFS system. While this is generally acceptable, if you experience slowdowns or hanging when DeepSpeed exits, it is recommended to set the TRITON_CACHE_DIR environment variable to a non-NFS path.
Warning: The cache directory for DeepSpeed Triton autotune, /home/s0/shpc152/.triton/autotune, appears to be on an NFS system. While this is generally acceptable, if you experience slowdowns or hanging when DeepSpeed exits, it is recommended to set the TRITON_CACHE_DIR environment variable to a non-NFS path.
Warning: The cache directory for DeepSpeed Triton autotune, /home/s0/shpc152/.triton/autotune, appears to be on an NFS system. While this is generally acceptable, if you experience slowdowns or hanging when DeepSpeed exits, it is recommended to set the TRITON_CACHE_DIR environment variable to a non-NFS path.
Warning: The cache directory for DeepSpeed Triton autotune, /home/s0/shpc152/.triton/autotune, appears to be on an NFS system. While this is generally acceptable, if you experience slowdowns or hanging when DeepSpeed exits, it is recommended to set the TRITON_CACHE_DIR environment variable to a non-NFS path.
Warning: The cache directory for DeepSpeed Triton autotune, /home/s0/shpc152/.triton/autotune, appears to be on an NFS system. While this is generally acceptable, if you experience slowdowns or hanging when DeepSpeed exits, it is recommended to set the TRITON_CACHE_DIR environment variable to a non-NFS path.
[2024-12-14 00:44:06,116] [INFO] [comm.py:652:init_distributed] cdb=None
[2024-12-14 00:44:06,127] [INFO] [config.py:733:__init__] Config mesh_device None world_size = 8
[2024-12-14 00:44:06,150] [INFO] [comm.py:652:init_distributed] cdb=None
[2024-12-14 00:44:06,158] [INFO] [config.py:733:__init__] Config mesh_device None world_size = 8
[2024-12-14 00:44:06,364] [INFO] [comm.py:652:init_distributed] cdb=None
[2024-12-14 00:44:06,368] [INFO] [config.py:733:__init__] Config mesh_device None world_size = 8
[2024-12-14 00:44:06,571] [INFO] [comm.py:652:init_distributed] cdb=None
[2024-12-14 00:44:06,578] [INFO] [config.py:733:__init__] Config mesh_device None world_size = 8
[2024-12-14 00:44:26,080] [INFO] [comm.py:652:init_distributed] cdb=None
[2024-12-14 00:44:26,084] [INFO] [config.py:733:__init__] Config mesh_device None world_size = 8
[2024-12-14 00:44:26,302] [INFO] [comm.py:652:init_distributed] cdb=None
[2024-12-14 00:44:26,302] [INFO] [comm.py:683:init_distributed] Initializing TorchBackend in DeepSpeed with backend nccl
[2024-12-14 00:44:26,307] [INFO] [logging.py:128:log_dist] [Rank 0] DeepSpeed info: version=0.16.0, git-hash=unknown, git-branch=unknown
[2024-12-14 00:44:26,307] [INFO] [config.py:733:__init__] Config mesh_device None world_size = 8
[2024-12-14 00:44:26,543] [INFO] [comm.py:652:init_distributed] cdb=None
[2024-12-14 00:44:26,547] [INFO] [config.py:733:__init__] Config mesh_device None world_size = 8
[2024-12-14 00:44:26,718] [INFO] [comm.py:652:init_distributed] cdb=None
[2024-12-14 00:44:26,724] [INFO] [config.py:733:__init__] Config mesh_device None world_size = 8
[2024-12-14 00:44:31,205] [INFO] [logging.py:128:log_dist] [Rank 0] DeepSpeed Flops Profiler Enabled: False
Using /home/s0/shpc152/.cache/torch_extensions/py38_cu118 as PyTorch extensions root...
Using /home/s0/shpc152/.cache/torch_extensions/py38_cu118 as PyTorch extensions root...
Using /home/s0/shpc152/.cache/torch_extensions/py38_cu118 as PyTorch extensions root...
Using /home/s0/shpc152/.cache/torch_extensions/py38_cu118 as PyTorch extensions root...
Using /home/s0/shpc152/.cache/torch_extensions/py38_cu118 as PyTorch extensions root...
Emitting ninja build file /home/s0/shpc152/.cache/torch_extensions/py38_cu118/cpu_adam/build.ninja...
Building extension module cpu_adam...
Allowing ninja to set a default number of workers... (overridable by setting the environment variable MAX_JOBS=N)
Using /home/s0/shpc152/.cache/torch_extensions/py38_cu118 as PyTorch extensions root...
Using /home/s0/shpc152/.cache/torch_extensions/py38_cu118 as PyTorch extensions root...
ninja: no work to do.
Loading extension module cpu_adam...
Time to load cpu_adam op: 3.137087345123291 seconds
Adam Optimizer #0 is created with AVX512 arithmetic capability.
Config: alpha=0.000100, betas=(0.900000, 0.999000), weight_decay=0.000000, adam_w=1
[2024-12-14 00:44:35,708] [INFO] [logging.py:128:log_dist] [Rank 0] Using DeepSpeed Optimizer param name adam as basic optimizer
[2024-12-14 00:44:35,708] [INFO] [logging.py:128:log_dist] [Rank 0] Removing param_group that has no 'params' in the basic Optimizer
Using /home/s0/shpc152/.cache/torch_extensions/py38_cu118 as PyTorch extensions root...
[2024-12-14 00:44:35,744] [INFO] [logging.py:128:log_dist] [Rank 0] DeepSpeed Basic Optimizer = DeepSpeedCPUAdam
[2024-12-14 00:44:35,744] [INFO] [utils.py:59:is_zero_supported_optimizer] Checking ZeRO support for optimizer=DeepSpeedCPUAdam type=<class 'deepspeed.ops.adam.cpu_adam.DeepSpeedCPUAdam'>
[2024-12-14 00:44:35,744] [INFO] [logging.py:128:log_dist] [Rank 0] Creating fp16 ZeRO stage 3 optimizer, MiCS is enabled False, Hierarchical params gather False
[2024-12-14 00:44:35,744] [INFO] [logging.py:128:log_dist] [Rank 0] Creating torch.float32 ZeRO stage 3 optimizer
Emitting ninja build file /home/s0/shpc152/.cache/torch_extensions/py38_cu118/cpu_adam/build.ninja...
Building extension module cpu_adam...
Allowing ninja to set a default number of workers... (overridable by setting the environment variable MAX_JOBS=N)
ninja: no work to do.
Loading extension module cpu_adam...
Time to load cpu_adam op: 3.249791145324707 seconds
Adam Optimizer #0 is created with AVX512 arithmetic capability.
Config: alpha=0.000100, betas=(0.900000, 0.999000), weight_decay=0.000000, adam_w=1
[2024-12-14 00:44:35,926] [INFO] [utils.py:781:see_memory_usage] Stage 3 initialize beginning
[2024-12-14 00:44:35,927] [INFO] [utils.py:782:see_memory_usage] MA 2.99 GB         Max_MA 2.99 GB         CA 3.06 GB         Max_CA 3 GB 
[2024-12-14 00:44:35,927] [INFO] [utils.py:789:see_memory_usage] CPU Virtual Memory:  used = 14.21 GB, percent = 3.0%
[2024-12-14 00:44:35,929] [INFO] [stage3.py:167:__init__] Reduce bucket size 500000000
[2024-12-14 00:44:35,929] [INFO] [stage3.py:168:__init__] Prefetch bucket size 50000000
Loading extension module cpu_adam...
Time to load cpu_adam op: 3.307277202606201 seconds
Adam Optimizer #0 is created with AVX512 arithmetic capability.
Config: alpha=0.000100, betas=(0.900000, 0.999000), weight_decay=0.000000, adam_w=1
[2024-12-14 00:44:35,970] [INFO] [config.py:733:__init__] Config mesh_device None world_size = 8
Loading extension module cpu_adam...
Time to load cpu_adam op: 3.3059613704681396 seconds
Adam Optimizer #0 is created with AVX512 arithmetic capability.
Config: alpha=0.000100, betas=(0.900000, 0.999000), weight_decay=0.000000, adam_w=1
Loading extension module cpu_adam...
Time to load cpu_adam op: 3.29730486869812 seconds
Adam Optimizer #0 is created with AVX512 arithmetic capability.
Config: alpha=0.000100, betas=(0.900000, 0.999000), weight_decay=0.000000, adam_w=1
[2024-12-14 00:44:36,017] [INFO] [config.py:733:__init__] Config mesh_device None world_size = 8
[2024-12-14 00:44:36,036] [INFO] [config.py:733:__init__] Config mesh_device None world_size = 8
[2024-12-14 00:44:36,048] [INFO] [config.py:733:__init__] Config mesh_device None world_size = 8
[2024-12-14 00:44:36,057] [INFO] [utils.py:781:see_memory_usage] DeepSpeedZeRoOffload initialize [begin]
[2024-12-14 00:44:36,058] [INFO] [utils.py:782:see_memory_usage] MA 2.99 GB         Max_MA 2.99 GB         CA 3.06 GB         Max_CA 3 GB 
[2024-12-14 00:44:36,058] [INFO] [utils.py:789:see_memory_usage] CPU Virtual Memory:  used = 14.21 GB, percent = 3.0%
[2024-12-14 00:44:36,062] [INFO] [config.py:733:__init__] Config mesh_device None world_size = 8
Loading extension module cpu_adam...
Time to load cpu_adam op: 6.059648752212524 seconds
Adam Optimizer #0 is created with AVX512 arithmetic capability.
Config: alpha=0.000100, betas=(0.900000, 0.999000), weight_decay=0.000000, adam_w=1
Loading extension module cpu_adam...
Time to load cpu_adam op: 6.0874879360198975 seconds
Adam Optimizer #0 is created with AVX512 arithmetic capability.
Config: alpha=0.000100, betas=(0.900000, 0.999000), weight_decay=0.000000, adam_w=1
Loading extension module cpu_adam...
Time to load cpu_adam op: 6.140941619873047 seconds
Adam Optimizer #0 is created with AVX512 arithmetic capability.
Config: alpha=0.000100, betas=(0.900000, 0.999000), weight_decay=0.000000, adam_w=1
[2024-12-14 00:44:38,866] [INFO] [config.py:733:__init__] Config mesh_device None world_size = 8
[2024-12-14 00:44:38,881] [INFO] [config.py:733:__init__] Config mesh_device None world_size = 8
[2024-12-14 00:44:38,899] [INFO] [config.py:733:__init__] Config mesh_device None world_size = 8
Parameter Offload: Total persistent parameters: 601600 in 290 params
[2024-12-14 00:44:47,785] [INFO] [utils.py:781:see_memory_usage] DeepSpeedZeRoOffload initialize [end]
[2024-12-14 00:44:47,786] [INFO] [utils.py:782:see_memory_usage] MA 0.04 GB         Max_MA 2.99 GB         CA 3.06 GB         Max_CA 3 GB 
[2024-12-14 00:44:47,787] [INFO] [utils.py:789:see_memory_usage] CPU Virtual Memory:  used = 16.62 GB, percent = 3.5%
[2024-12-14 00:44:47,956] [INFO] [utils.py:781:see_memory_usage] Before creating fp16 partitions
[2024-12-14 00:44:47,958] [INFO] [utils.py:782:see_memory_usage] MA 0.04 GB         Max_MA 0.04 GB         CA 3.06 GB         Max_CA 3 GB 
[2024-12-14 00:44:47,958] [INFO] [utils.py:789:see_memory_usage] CPU Virtual Memory:  used = 16.62 GB, percent = 3.5%
[2024-12-14 00:44:52,874] [INFO] [utils.py:781:see_memory_usage] After creating fp16 partitions: 1
[2024-12-14 00:44:52,875] [INFO] [utils.py:782:see_memory_usage] MA 0.04 GB         Max_MA 0.04 GB         CA 3.06 GB         Max_CA 3 GB 
[2024-12-14 00:44:52,876] [INFO] [utils.py:789:see_memory_usage] CPU Virtual Memory:  used = 19.61 GB, percent = 4.2%
[2024-12-14 00:44:53,056] [INFO] [utils.py:781:see_memory_usage] Before creating fp32 partitions
[2024-12-14 00:44:53,057] [INFO] [utils.py:782:see_memory_usage] MA 0.04 GB         Max_MA 0.04 GB         CA 3.06 GB         Max_CA 3 GB 
[2024-12-14 00:44:53,058] [INFO] [utils.py:789:see_memory_usage] CPU Virtual Memory:  used = 19.74 GB, percent = 4.2%
[2024-12-14 00:44:53,479] [INFO] [utils.py:781:see_memory_usage] After creating fp32 partitions
[2024-12-14 00:44:53,480] [INFO] [utils.py:782:see_memory_usage] MA 0.04 GB         Max_MA 0.04 GB         CA 3.06 GB         Max_CA 3 GB 
[2024-12-14 00:44:53,480] [INFO] [utils.py:789:see_memory_usage] CPU Virtual Memory:  used = 20.1 GB, percent = 4.3%
[2024-12-14 00:44:53,908] [INFO] [utils.py:781:see_memory_usage] Before initializing optimizer states
[2024-12-14 00:44:53,909] [INFO] [utils.py:782:see_memory_usage] MA 0.04 GB         Max_MA 0.04 GB         CA 3.06 GB         Max_CA 3 GB 
[2024-12-14 00:44:53,910] [INFO] [utils.py:789:see_memory_usage] CPU Virtual Memory:  used = 22.37 GB, percent = 4.7%
[2024-12-14 00:44:54,898] [INFO] [utils.py:781:see_memory_usage] After initializing optimizer states
[2024-12-14 00:44:54,899] [INFO] [utils.py:782:see_memory_usage] MA 0.04 GB         Max_MA 0.04 GB         CA 3.06 GB         Max_CA 3 GB 
[2024-12-14 00:44:54,900] [INFO] [utils.py:789:see_memory_usage] CPU Virtual Memory:  used = 22.15 GB, percent = 4.7%
[2024-12-14 00:44:54,900] [INFO] [stage3.py:525:_setup_for_real_optimizer] optimizer state initialized
[2024-12-14 00:45:01,358] [INFO] [utils.py:781:see_memory_usage] After initializing ZeRO optimizer
[2024-12-14 00:45:01,359] [INFO] [utils.py:782:see_memory_usage] MA 1.9 GB         Max_MA 2.38 GB         CA 5.17 GB         Max_CA 5 GB 
[2024-12-14 00:45:01,360] [INFO] [utils.py:789:see_memory_usage] CPU Virtual Memory:  used = 24.2 GB, percent = 5.1%
[2024-12-14 00:45:01,360] [INFO] [logging.py:128:log_dist] [Rank 0] DeepSpeed Final Optimizer = DeepSpeedZeroOptimizer_Stage3
[2024-12-14 00:45:01,360] [INFO] [logging.py:128:log_dist] [Rank 0] DeepSpeed using configured LR scheduler = None
[2024-12-14 00:45:01,360] [INFO] [logging.py:128:log_dist] [Rank 0] DeepSpeed LR Scheduler = None
[2024-12-14 00:45:01,360] [INFO] [logging.py:128:log_dist] [Rank 0] step=0, skipped=0, lr=[0.0001], mom=[(0.9, 0.999)]
[2024-12-14 00:45:01,362] [INFO] [config.py:999:print] DeepSpeedEngine configuration:
[2024-12-14 00:45:01,363] [INFO] [config.py:1003:print]   activation_checkpointing_config  {
    "partition_activations": false, 
    "contiguous_memory_optimization": false, 
    "cpu_checkpointing": false, 
    "number_checkpoints": null, 
    "synchronize_checkpoint_boundary": false, 
    "profile": false
}
[2024-12-14 00:45:01,363] [INFO] [config.py:1003:print]   aio_config ................... {'block_size': 1048576, 'queue_depth': 8, 'thread_count': 1, 'single_submit': False, 'overlap_events': True, 'use_gds': False}
[2024-12-14 00:45:01,363] [INFO] [config.py:1003:print]   amp_enabled .................. False
[2024-12-14 00:45:01,363] [INFO] [config.py:1003:print]   amp_params ................... False
[2024-12-14 00:45:01,364] [INFO] [config.py:1003:print]   autotuning_config ............ {
    "enabled": false, 
    "start_step": null, 
    "end_step": null, 
    "metric_path": null, 
    "arg_mappings": null, 
    "metric": "throughput", 
    "model_info": null, 
    "results_dir": "autotuning_results", 
    "exps_dir": "autotuning_exps", 
    "overwrite": true, 
    "fast": true, 
    "start_profile_step": 3, 
    "end_profile_step": 5, 
    "tuner_type": "gridsearch", 
    "tuner_early_stopping": 5, 
    "tuner_num_trials": 50, 
    "model_info_path": null, 
    "mp_size": 1, 
    "max_train_batch_size": null, 
    "min_train_batch_size": 1, 
    "max_train_micro_batch_size_per_gpu": 1.024000e+03, 
    "min_train_micro_batch_size_per_gpu": 1, 
    "num_tuning_micro_batch_sizes": 3
}
[2024-12-14 00:45:01,364] [INFO] [config.py:1003:print]   bfloat16_enabled ............. False
[2024-12-14 00:45:01,364] [INFO] [config.py:1003:print]   bfloat16_immediate_grad_update  False
[2024-12-14 00:45:01,364] [INFO] [config.py:1003:print]   checkpoint_parallel_write_pipeline  False
[2024-12-14 00:45:01,364] [INFO] [config.py:1003:print]   checkpoint_tag_validation_enabled  True
[2024-12-14 00:45:01,364] [INFO] [config.py:1003:print]   checkpoint_tag_validation_fail  False
[2024-12-14 00:45:01,364] [INFO] [config.py:1003:print]   comms_config ................. <deepspeed.comm.config.DeepSpeedCommsConfig object at 0x14a4d7332ca0>
[2024-12-14 00:45:01,364] [INFO] [config.py:1003:print]   communication_data_type ...... None
[2024-12-14 00:45:01,364] [INFO] [config.py:1003:print]   compression_config ........... {'weight_quantization': {'shared_parameters': {'enabled': False, 'quantizer_kernel': False, 'schedule_offset': 0, 'quantize_groups': 1, 'quantize_verbose': False, 'quantization_type': 'symmetric', 'quantize_weight_in_forward': False, 'rounding': 'nearest', 'fp16_mixed_quantize': False, 'quantize_change_ratio': 0.001}, 'different_groups': {}}, 'activation_quantization': {'shared_parameters': {'enabled': False, 'quantization_type': 'symmetric', 'range_calibration': 'dynamic', 'schedule_offset': 1000}, 'different_groups': {}}, 'sparse_pruning': {'shared_parameters': {'enabled': False, 'method': 'l1', 'schedule_offset': 1000}, 'different_groups': {}}, 'row_pruning': {'shared_parameters': {'enabled': False, 'method': 'l1', 'schedule_offset': 1000}, 'different_groups': {}}, 'head_pruning': {'shared_parameters': {'enabled': False, 'method': 'topk', 'schedule_offset': 1000}, 'different_groups': {}}, 'channel_pruning': {'shared_parameters': {'enabled': False, 'method': 'l1', 'schedule_offset': 1000}, 'different_groups': {}}, 'layer_reduction': {'enabled': False}}
[2024-12-14 00:45:01,364] [INFO] [config.py:1003:print]   curriculum_enabled_legacy .... False
[2024-12-14 00:45:01,364] [INFO] [config.py:1003:print]   curriculum_params_legacy ..... False
[2024-12-14 00:45:01,365] [INFO] [config.py:1003:print]   data_efficiency_config ....... {'enabled': False, 'seed': 1234, 'data_sampling': {'enabled': False, 'num_epochs': 1000, 'num_workers': 0, 'curriculum_learning': {'enabled': False}}, 'data_routing': {'enabled': False, 'random_ltd': {'enabled': False, 'layer_token_lr_schedule': {'enabled': False}}}}
[2024-12-14 00:45:01,365] [INFO] [config.py:1003:print]   data_efficiency_enabled ...... False
[2024-12-14 00:45:01,365] [INFO] [config.py:1003:print]   dataloader_drop_last ......... False
[2024-12-14 00:45:01,365] [INFO] [config.py:1003:print]   disable_allgather ............ False
[2024-12-14 00:45:01,365] [INFO] [config.py:1003:print]   dump_state ................... False
[2024-12-14 00:45:01,365] [INFO] [config.py:1003:print]   dynamic_loss_scale_args ...... None
[2024-12-14 00:45:01,365] [INFO] [config.py:1003:print]   eigenvalue_enabled ........... False
[2024-12-14 00:45:01,365] [INFO] [config.py:1003:print]   eigenvalue_gas_boundary_resolution  1
[2024-12-14 00:45:01,365] [INFO] [config.py:1003:print]   eigenvalue_layer_name ........ bert.encoder.layer
[2024-12-14 00:45:01,365] [INFO] [config.py:1003:print]   eigenvalue_layer_num ......... 0
[2024-12-14 00:45:01,365] [INFO] [config.py:1003:print]   eigenvalue_max_iter .......... 100
[2024-12-14 00:45:01,365] [INFO] [config.py:1003:print]   eigenvalue_stability ......... 1e-06
[2024-12-14 00:45:01,365] [INFO] [config.py:1003:print]   eigenvalue_tol ............... 0.01
[2024-12-14 00:45:01,366] [INFO] [config.py:1003:print]   eigenvalue_verbose ........... False
[2024-12-14 00:45:01,366] [INFO] [config.py:1003:print]   elasticity_enabled ........... False
[2024-12-14 00:45:01,366] [INFO] [config.py:1003:print]   flops_profiler_config ........ {
    "enabled": false, 
    "recompute_fwd_factor": 0.0, 
    "profile_step": 1, 
    "module_depth": -1, 
    "top_modules": 1, 
    "detailed": true, 
    "output_file": null
}
[2024-12-14 00:45:01,366] [INFO] [config.py:1003:print]   fp16_auto_cast ............... None
[2024-12-14 00:45:01,366] [INFO] [config.py:1003:print]   fp16_enabled ................. False
[2024-12-14 00:45:01,366] [INFO] [config.py:1003:print]   fp16_master_weights_and_gradients  False
[2024-12-14 00:45:01,366] [INFO] [config.py:1003:print]   global_rank .................. 0
[2024-12-14 00:45:01,366] [INFO] [config.py:1003:print]   grad_accum_dtype ............. None
[2024-12-14 00:45:01,366] [INFO] [config.py:1003:print]   gradient_accumulation_steps .. 1
[2024-12-14 00:45:01,366] [INFO] [config.py:1003:print]   gradient_clipping ............ 0.0
[2024-12-14 00:45:01,366] [INFO] [config.py:1003:print]   gradient_predivide_factor .... 1.0
[2024-12-14 00:45:01,366] [INFO] [config.py:1003:print]   graph_harvesting ............. False
[2024-12-14 00:45:01,367] [INFO] [config.py:1003:print]   hybrid_engine ................ enabled=False max_out_tokens=512 inference_tp_size=1 release_inference_cache=False pin_parameters=True tp_gather_partition_size=8
[2024-12-14 00:45:01,367] [INFO] [config.py:1003:print]   initial_dynamic_scale ........ 65536
[2024-12-14 00:45:01,367] [INFO] [config.py:1003:print]   load_universal_checkpoint .... False
[2024-12-14 00:45:01,367] [INFO] [config.py:1003:print]   loss_scale ................... 0
[2024-12-14 00:45:01,367] [INFO] [config.py:1003:print]   memory_breakdown ............. False
[2024-12-14 00:45:01,367] [INFO] [config.py:1003:print]   mics_hierarchial_params_gather  False
[2024-12-14 00:45:01,367] [INFO] [config.py:1003:print]   mics_shard_size .............. -1
[2024-12-14 00:45:01,367] [INFO] [config.py:1003:print]   monitor_config ............... tensorboard=TensorBoardConfig(enabled=False, output_path='', job_name='DeepSpeedJobName') comet=CometConfig(enabled=False, samples_log_interval=100, project=None, workspace=None, api_key=None, experiment_name=None, experiment_key=None, online=None, mode=None) wandb=WandbConfig(enabled=False, group=None, team=None, project='deepspeed') csv_monitor=CSVConfig(enabled=False, output_path='', job_name='DeepSpeedJobName')
[2024-12-14 00:45:01,367] [INFO] [config.py:1003:print]   nebula_config ................ {
    "enabled": false, 
    "persistent_storage_path": null, 
    "persistent_time_interval": 100, 
    "num_of_version_in_retention": 2, 
    "enable_nebula_load": true, 
    "load_path": null
}
[2024-12-14 00:45:01,367] [INFO] [config.py:1003:print]   optimizer_legacy_fusion ...... False
[2024-12-14 00:45:01,368] [INFO] [config.py:1003:print]   optimizer_name ............... adam
[2024-12-14 00:45:01,368] [INFO] [config.py:1003:print]   optimizer_params ............. {'lr': 0.0001}
[2024-12-14 00:45:01,368] [INFO] [config.py:1003:print]   pipeline ..................... {'stages': 'auto', 'partition': 'best', 'seed_layers': False, 'activation_checkpoint_interval': 0, 'pipe_partitioned': True, 'grad_partitioned': True}
[2024-12-14 00:45:01,368] [INFO] [config.py:1003:print]   pld_enabled .................. False
[2024-12-14 00:45:01,368] [INFO] [config.py:1003:print]   pld_params ................... False
[2024-12-14 00:45:01,368] [INFO] [config.py:1003:print]   prescale_gradients ........... False
[2024-12-14 00:45:01,368] [INFO] [config.py:1003:print]   scheduler_name ............... None
[2024-12-14 00:45:01,368] [INFO] [config.py:1003:print]   scheduler_params ............. None
[2024-12-14 00:45:01,368] [INFO] [config.py:1003:print]   seq_parallel_communication_data_type  torch.float32
[2024-12-14 00:45:01,368] [INFO] [config.py:1003:print]   sparse_attention ............. None
[2024-12-14 00:45:01,368] [INFO] [config.py:1003:print]   sparse_gradients_enabled ..... False
[2024-12-14 00:45:01,368] [INFO] [config.py:1003:print]   steps_per_print .............. None
[2024-12-14 00:45:01,369] [INFO] [config.py:1003:print]   timers_config ................ enabled=True synchronized=True
[2024-12-14 00:45:01,369] [INFO] [config.py:1003:print]   train_batch_size ............. 64
[2024-12-14 00:45:01,369] [INFO] [config.py:1003:print]   train_micro_batch_size_per_gpu  8
[2024-12-14 00:45:01,369] [INFO] [config.py:1003:print]   use_data_before_expert_parallel_  False
[2024-12-14 00:45:01,369] [INFO] [config.py:1003:print]   use_node_local_storage ....... False
[2024-12-14 00:45:01,369] [INFO] [config.py:1003:print]   wall_clock_breakdown ......... False
[2024-12-14 00:45:01,369] [INFO] [config.py:1003:print]   weight_quantization_config ... None
[2024-12-14 00:45:01,369] [INFO] [config.py:1003:print]   world_size ................... 8
[2024-12-14 00:45:01,369] [INFO] [config.py:1003:print]   zero_allow_untested_optimizer  False
[2024-12-14 00:45:01,369] [INFO] [config.py:1003:print]   zero_config .................. stage=3 contiguous_gradients=True reduce_scatter=True reduce_bucket_size=500000000 use_multi_rank_bucket_allreduce=True allgather_partitions=True allgather_bucket_size=500000000 overlap_comm=True load_from_fp32_weights=True elastic_checkpoint=False offload_param=DeepSpeedZeroOffloadParamConfig(device='cpu', nvme_path=None, buffer_count=5, buffer_size=100000000, max_in_cpu=1000000000, pin_memory=True) offload_optimizer=DeepSpeedZeroOffloadOptimizerConfig(device='cpu', nvme_path=None, buffer_count=4, pin_memory=True, pipeline_read=False, pipeline_write=False, fast_init=False, ratio=1.0) sub_group_size=1000000000 cpu_offload_param=None cpu_offload_use_pin_memory=None cpu_offload=None prefetch_bucket_size=50000000 param_persistence_threshold=100000 model_persistence_threshold=9223372036854775807 max_live_parameters=1000000000 max_reuse_distance=1000000000 gather_16bit_weights_on_model_save=False module_granularity_threshold=0 use_all_reduce_for_fetch_params=False stage3_gather_fp16_weights_on_model_save=False ignore_unused_parameters=True legacy_stage1=False round_robin_gradients=False zero_hpz_partition_size=1 zero_quantized_weights=False zero_quantized_nontrainable_weights=False zero_quantized_gradients=False mics_shard_size=-1 mics_hierarchical_params_gather=False memory_efficient_linear=True pipeline_loading_checkpoint=False override_module_apply=True
[2024-12-14 00:45:01,369] [INFO] [config.py:1003:print]   zero_enabled ................. True
[2024-12-14 00:45:01,369] [INFO] [config.py:1003:print]   zero_force_ds_cpu_optimizer .. True
[2024-12-14 00:45:01,370] [INFO] [config.py:1003:print]   zero_optimization_stage ...... 3
[2024-12-14 00:45:01,370] [INFO] [config.py:989:print_user_config]   json = {
    "train_batch_size": 64, 
    "zero_optimization": {
        "stage": 3, 
        "contiguous_gradients": true, 
        "reduce_bucket_size": 5.000000e+08, 
        "sub_group_size": 1.000000e+09, 
        "offload_optimizer": {
            "device": "cpu", 
            "pin_memory": true, 
            "buffer_count": 4
        }, 
        "offload_param": {
            "device": "cpu", 
            "pin_memory": true
        }
    }, 
    "optimizer": {
        "type": "Adam", 
        "params": {
            "lr": 0.0001
        }
    }
}
Epoch 1, Step 0, Loss: 10.184417724609375
Forward Mem Usage: 11886969344 bytes
Backward Mem Usage: -10062345728 bytes
Optimizer Mem Usage: -261009920 bytes
Epoch 1, Step 10, Loss: 0.0821019858121872
Forward Mem Usage: 13356016128 bytes
Backward Mem Usage: -13092599296 bytes
Optimizer Mem Usage: -263416320 bytes
Epoch 2, Step 0, Loss: 1.045040488243103
Forward Mem Usage: 13361259008 bytes
Backward Mem Usage: -13097842176 bytes
Optimizer Mem Usage: -263416320 bytes
Epoch 2, Step 10, Loss: 1.1953647136688232
Forward Mem Usage: 13361259008 bytes
Backward Mem Usage: -13097842176 bytes
Optimizer Mem Usage: -263416320 bytes
slurmstepd: error: *** JOB 1122985 ON a06 CANCELLED AT 2024-12-14T00:48:51 DUE TO TIME LIMIT ***
srun: Job step aborted: Waiting up to 7 seconds for job step to finish.
slurmstepd: error: *** STEP 1122985.0 ON a06 CANCELLED AT 2024-12-14T00:48:51 DUE TO TIME LIMIT ***
W1214 00:48:51.695184 22962933413696 torch/distributed/elastic/agent/server/api.py:688] Received Signals.SIGTERM death signal, shutting down workers
W1214 00:48:51.696238 22962933413696 torch/distributed/elastic/multiprocessing/api.py:858] Sending process 692789 closing signal SIGTERM
W1214 00:48:51.696625 22962933413696 torch/distributed/elastic/multiprocessing/api.py:858] Sending process 692790 closing signal SIGTERM
W1214 00:48:51.696838 22962933413696 torch/distributed/elastic/multiprocessing/api.py:858] Sending process 692791 closing signal SIGTERM
W1214 00:48:51.697000 22962933413696 torch/distributed/elastic/multiprocessing/api.py:858] Sending process 692792 closing signal SIGTERM
W1214 00:48:51.698147 22962933413696 torch/distributed/elastic/multiprocessing/api.py:858] Sending process 692789 closing signal SIGTERM
W1214 00:48:51.698350 22962933413696 torch/distributed/elastic/multiprocessing/api.py:858] Sending process 692790 closing signal SIGTERM
W1214 00:48:51.698498 22962933413696 torch/distributed/elastic/multiprocessing/api.py:858] Sending process 692791 closing signal SIGTERM
W1214 00:48:51.698634 22962933413696 torch/distributed/elastic/multiprocessing/api.py:858] Sending process 692792 closing signal SIGTERM
W1214 00:48:51.706711 23098944980800 torch/distributed/elastic/agent/server/api.py:688] Received Signals.SIGTERM death signal, shutting down workers
W1214 00:48:51.707824 23098944980800 torch/distributed/elastic/multiprocessing/api.py:858] Sending process 1103376 closing signal SIGTERM
W1214 00:48:51.708096 23098944980800 torch/distributed/elastic/multiprocessing/api.py:858] Sending process 1103377 closing signal SIGTERM
W1214 00:48:51.708268 23098944980800 torch/distributed/elastic/multiprocessing/api.py:858] Sending process 1103378 closing signal SIGTERM
W1214 00:48:51.708449 23098944980800 torch/distributed/elastic/multiprocessing/api.py:858] Sending process 1103379 closing signal SIGTERM
W1214 00:48:51.711816 23098944980800 torch/distributed/elastic/multiprocessing/api.py:858] Sending process 1103376 closing signal SIGTERM
W1214 00:48:51.711980 23098944980800 torch/distributed/elastic/multiprocessing/api.py:858] Sending process 1103377 closing signal SIGTERM
W1214 00:48:51.712083 23098944980800 torch/distributed/elastic/multiprocessing/api.py:858] Sending process 1103378 closing signal SIGTERM
W1214 00:48:51.712172 23098944980800 torch/distributed/elastic/multiprocessing/api.py:858] Sending process 1103379 closing signal SIGTERM
