[2024-12-14 00:21:48,540] [INFO] [real_accelerator.py:219:get_accelerator] Setting ds_accelerator to cuda (auto detect)
[2024-12-14 00:21:48,542] [INFO] [real_accelerator.py:219:get_accelerator] Setting ds_accelerator to cuda (auto detect)
[2024-12-14 00:21:48,550] [INFO] [real_accelerator.py:219:get_accelerator] Setting ds_accelerator to cuda (auto detect)
[2024-12-14 00:21:48,551] [INFO] [real_accelerator.py:219:get_accelerator] Setting ds_accelerator to cuda (auto detect)
[2024-12-14 00:21:48,597] [INFO] [real_accelerator.py:219:get_accelerator] Setting ds_accelerator to cuda (auto detect)
[2024-12-14 00:21:48,604] [INFO] [real_accelerator.py:219:get_accelerator] Setting ds_accelerator to cuda (auto detect)
[2024-12-14 00:21:48,604] [INFO] [real_accelerator.py:219:get_accelerator] Setting ds_accelerator to cuda (auto detect)
[2024-12-14 00:21:48,605] [INFO] [real_accelerator.py:219:get_accelerator] Setting ds_accelerator to cuda (auto detect)
Warning: The cache directory for DeepSpeed Triton autotune, /home/s0/shpc152/.triton/autotune, appears to be on an NFS system. While this is generally acceptable, if you experience slowdowns or hanging when DeepSpeed exits, it is recommended to set the TRITON_CACHE_DIR environment variable to a non-NFS path.Warning: The cache directory for DeepSpeed Triton autotune, /home/s0/shpc152/.triton/autotune, appears to be on an NFS system. While this is generally acceptable, if you experience slowdowns or hanging when DeepSpeed exits, it is recommended to set the TRITON_CACHE_DIR environment variable to a non-NFS path.

Warning: The cache directory for DeepSpeed Triton autotune, /home/s0/shpc152/.triton/autotune, appears to be on an NFS system. While this is generally acceptable, if you experience slowdowns or hanging when DeepSpeed exits, it is recommended to set the TRITON_CACHE_DIR environment variable to a non-NFS path.
Warning: The cache directory for DeepSpeed Triton autotune, /home/s0/shpc152/.triton/autotune, appears to be on an NFS system. While this is generally acceptable, if you experience slowdowns or hanging when DeepSpeed exits, it is recommended to set the TRITON_CACHE_DIR environment variable to a non-NFS path.
Warning: The cache directory for DeepSpeed Triton autotune, /home/s0/shpc152/.triton/autotune, appears to be on an NFS system. While this is generally acceptable, if you experience slowdowns or hanging when DeepSpeed exits, it is recommended to set the TRITON_CACHE_DIR environment variable to a non-NFS path.
Warning: The cache directory for DeepSpeed Triton autotune, /home/s0/shpc152/.triton/autotune, appears to be on an NFS system. While this is generally acceptable, if you experience slowdowns or hanging when DeepSpeed exits, it is recommended to set the TRITON_CACHE_DIR environment variable to a non-NFS path.
Warning: The cache directory for DeepSpeed Triton autotune, /home/s0/shpc152/.triton/autotune, appears to be on an NFS system. While this is generally acceptable, if you experience slowdowns or hanging when DeepSpeed exits, it is recommended to set the TRITON_CACHE_DIR environment variable to a non-NFS path.
Warning: The cache directory for DeepSpeed Triton autotune, /home/s0/shpc152/.triton/autotune, appears to be on an NFS system. While this is generally acceptable, if you experience slowdowns or hanging when DeepSpeed exits, it is recommended to set the TRITON_CACHE_DIR environment variable to a non-NFS path.
[2024-12-14 00:22:24,524] [INFO] [comm.py:652:init_distributed] cdb=None
[2024-12-14 00:22:24,532] [INFO] [config.py:733:__init__] Config mesh_device None world_size = 8
[2024-12-14 00:22:24,692] [INFO] [comm.py:652:init_distributed] cdb=None
[2024-12-14 00:22:24,702] [INFO] [config.py:733:__init__] Config mesh_device None world_size = 8
[2024-12-14 00:22:25,153] [INFO] [comm.py:652:init_distributed] cdb=None
[2024-12-14 00:22:25,161] [INFO] [config.py:733:__init__] Config mesh_device None world_size = 8
[2024-12-14 00:22:26,526] [INFO] [comm.py:652:init_distributed] cdb=None
[2024-12-14 00:22:26,526] [INFO] [comm.py:683:init_distributed] Initializing TorchBackend in DeepSpeed with backend nccl
[2024-12-14 00:22:26,533] [INFO] [logging.py:128:log_dist] [Rank 0] DeepSpeed info: version=0.16.0, git-hash=unknown, git-branch=unknown
[2024-12-14 00:22:26,533] [INFO] [config.py:733:__init__] Config mesh_device None world_size = 8
[2024-12-14 00:22:34,148] [INFO] [comm.py:652:init_distributed] cdb=None
[2024-12-14 00:22:34,153] [INFO] [config.py:733:__init__] Config mesh_device None world_size = 8
[2024-12-14 00:22:34,837] [INFO] [comm.py:652:init_distributed] cdb=None
[2024-12-14 00:22:34,841] [INFO] [config.py:733:__init__] Config mesh_device None world_size = 8
[2024-12-14 00:22:34,871] [INFO] [comm.py:652:init_distributed] cdb=None
[2024-12-14 00:22:34,882] [INFO] [config.py:733:__init__] Config mesh_device None world_size = 8
[2024-12-14 00:22:35,133] [INFO] [comm.py:652:init_distributed] cdb=None
[2024-12-14 00:22:35,159] [INFO] [config.py:733:__init__] Config mesh_device None world_size = 8
Using /home/s0/shpc152/.cache/torch_extensions/py38_cu118 as PyTorch extensions root...
Using /home/s0/shpc152/.cache/torch_extensions/py38_cu118 as PyTorch extensions root...
Using /home/s0/shpc152/.cache/torch_extensions/py38_cu118 as PyTorch extensions root...
Using /home/s0/shpc152/.cache/torch_extensions/py38_cu118 as PyTorch extensions root...
Using /home/s0/shpc152/.cache/torch_extensions/py38_cu118 as PyTorch extensions root...
Using /home/s0/shpc152/.cache/torch_extensions/py38_cu118 as PyTorch extensions root...
[2024-12-14 00:22:44,213] [INFO] [logging.py:128:log_dist] [Rank 0] DeepSpeed Flops Profiler Enabled: False
Using /home/s0/shpc152/.cache/torch_extensions/py38_cu118 as PyTorch extensions root...
Using /home/s0/shpc152/.cache/torch_extensions/py38_cu118 as PyTorch extensions root...
Detected CUDA files, patching ldflags
Emitting ninja build file /home/s0/shpc152/.cache/torch_extensions/py38_cu118/fused_adam/build.ninja...
/usr/local/lib/python3.8/dist-packages/torch/utils/cpp_extension.py:1965: UserWarning: TORCH_CUDA_ARCH_LIST is not set, all archs for visible cards are included for compilation. 
If this is not desired, please set os.environ['TORCH_CUDA_ARCH_LIST'].
  warnings.warn(
Building extension module fused_adam...
Allowing ninja to set a default number of workers... (overridable by setting the environment variable MAX_JOBS=N)
ninja: no work to do.
Loading extension module fused_adam...
Time to load fused_adam op: 0.7382028102874756 seconds
Loading extension module fused_adam...
Time to load fused_adam op: 0.7037937641143799 seconds
Loading extension module fused_adam...
Time to load fused_adam op: 0.7040266990661621 seconds
[2024-12-14 00:22:44,936] [INFO] [config.py:733:__init__] Config mesh_device None world_size = 8
Loading extension module fused_adam...
Time to load fused_adam op: 0.8037412166595459 seconds
[2024-12-14 00:22:44,959] [INFO] [config.py:733:__init__] Config mesh_device None world_size = 8
[2024-12-14 00:22:44,962] [INFO] [config.py:733:__init__] Config mesh_device None world_size = 8
[2024-12-14 00:22:44,986] [INFO] [config.py:733:__init__] Config mesh_device None world_size = 8
Loading extension module fused_adam...Loading extension module fused_adam...

Time to load fused_adam op: 3.0128493309020996 seconds
Time to load fused_adam op: 3.011664867401123 seconds
[2024-12-14 00:22:47,240] [INFO] [logging.py:128:log_dist] [Rank 0] Using DeepSpeed Optimizer param name adam as basic optimizer
[2024-12-14 00:22:47,241] [INFO] [logging.py:128:log_dist] [Rank 0] Removing param_group that has no 'params' in the basic Optimizer
[2024-12-14 00:22:47,283] [INFO] [config.py:733:__init__] Config mesh_device None world_size = 8
[2024-12-14 00:22:47,283] [INFO] [logging.py:128:log_dist] [Rank 0] DeepSpeed Basic Optimizer = FusedAdam
[2024-12-14 00:22:47,283] [INFO] [utils.py:59:is_zero_supported_optimizer] Checking ZeRO support for optimizer=FusedAdam type=<class 'deepspeed.ops.adam.fused_adam.FusedAdam'>
[2024-12-14 00:22:47,283] [INFO] [logging.py:128:log_dist] [Rank 0] Creating fp16 ZeRO stage 3 optimizer, MiCS is enabled False, Hierarchical params gather False
[2024-12-14 00:22:47,283] [INFO] [logging.py:128:log_dist] [Rank 0] Creating torch.float16 ZeRO stage 3 optimizer
Loading extension module fused_adam...Loading extension module fused_adam...

Time to load fused_adam op: 3.110100269317627 seconds
Time to load fused_adam op: 3.1119236946105957 seconds
[2024-12-14 00:22:47,343] [INFO] [config.py:733:__init__] Config mesh_device None world_size = 8
[2024-12-14 00:22:47,372] [INFO] [config.py:733:__init__] Config mesh_device None world_size = 8
[2024-12-14 00:22:47,478] [INFO] [utils.py:781:see_memory_usage] Stage 3 initialize beginning
[2024-12-14 00:22:47,479] [INFO] [utils.py:782:see_memory_usage] MA 1.48 GB         Max_MA 1.48 GB         CA 1.61 GB         Max_CA 2 GB 
[2024-12-14 00:22:47,479] [INFO] [utils.py:789:see_memory_usage] CPU Virtual Memory:  used = 21.65 GB, percent = 4.3%
[2024-12-14 00:22:47,480] [INFO] [stage3.py:167:__init__] Reduce bucket size 500000000
[2024-12-14 00:22:47,480] [INFO] [stage3.py:168:__init__] Prefetch bucket size 50000000
[2024-12-14 00:22:47,609] [INFO] [utils.py:781:see_memory_usage] DeepSpeedZeRoOffload initialize [begin]
[2024-12-14 00:22:47,610] [INFO] [utils.py:782:see_memory_usage] MA 1.48 GB         Max_MA 1.48 GB         CA 1.61 GB         Max_CA 2 GB 
[2024-12-14 00:22:47,610] [INFO] [utils.py:789:see_memory_usage] CPU Virtual Memory:  used = 21.65 GB, percent = 4.3%
[2024-12-14 00:22:47,615] [INFO] [config.py:733:__init__] Config mesh_device None world_size = 8
Parameter Offload: Total persistent parameters: 601600 in 290 params
[2024-12-14 00:22:48,874] [INFO] [utils.py:781:see_memory_usage] DeepSpeedZeRoOffload initialize [end]
[2024-12-14 00:22:48,876] [INFO] [utils.py:782:see_memory_usage] MA 0.22 GB         Max_MA 1.49 GB         CA 1.64 GB         Max_CA 2 GB 
[2024-12-14 00:22:48,876] [INFO] [utils.py:789:see_memory_usage] CPU Virtual Memory:  used = 22.04 GB, percent = 4.4%
[2024-12-14 00:22:49,050] [INFO] [utils.py:781:see_memory_usage] Before creating fp16 partitions
[2024-12-14 00:22:49,051] [INFO] [utils.py:782:see_memory_usage] MA 0.22 GB         Max_MA 0.22 GB         CA 1.64 GB         Max_CA 2 GB 
[2024-12-14 00:22:49,052] [INFO] [utils.py:789:see_memory_usage] CPU Virtual Memory:  used = 22.04 GB, percent = 4.4%
[2024-12-14 00:22:49,783] [INFO] [utils.py:781:see_memory_usage] After creating fp16 partitions: 1
[2024-12-14 00:22:49,785] [INFO] [utils.py:782:see_memory_usage] MA 0.22 GB         Max_MA 0.22 GB         CA 0.22 GB         Max_CA 2 GB 
[2024-12-14 00:22:49,785] [INFO] [utils.py:789:see_memory_usage] CPU Virtual Memory:  used = 22.04 GB, percent = 4.4%
[2024-12-14 00:22:49,956] [INFO] [utils.py:781:see_memory_usage] Before creating fp32 partitions
[2024-12-14 00:22:49,958] [INFO] [utils.py:782:see_memory_usage] MA 0.22 GB         Max_MA 0.22 GB         CA 0.22 GB         Max_CA 0 GB 
[2024-12-14 00:22:49,958] [INFO] [utils.py:789:see_memory_usage] CPU Virtual Memory:  used = 22.04 GB, percent = 4.4%
[2024-12-14 00:22:50,132] [INFO] [utils.py:781:see_memory_usage] After creating fp32 partitions
[2024-12-14 00:22:50,133] [INFO] [utils.py:782:see_memory_usage] MA 0.58 GB         Max_MA 0.76 GB         CA 0.76 GB         Max_CA 1 GB 
[2024-12-14 00:22:50,134] [INFO] [utils.py:789:see_memory_usage] CPU Virtual Memory:  used = 22.05 GB, percent = 4.4%
[2024-12-14 00:22:50,305] [INFO] [utils.py:781:see_memory_usage] Before initializing optimizer states
[2024-12-14 00:22:50,306] [INFO] [utils.py:782:see_memory_usage] MA 0.58 GB         Max_MA 0.58 GB         CA 0.76 GB         Max_CA 1 GB 
[2024-12-14 00:22:50,306] [INFO] [utils.py:789:see_memory_usage] CPU Virtual Memory:  used = 22.04 GB, percent = 4.4%
[2024-12-14 00:22:50,478] [INFO] [utils.py:781:see_memory_usage] After initializing optimizer states
[2024-12-14 00:22:50,479] [INFO] [utils.py:782:see_memory_usage] MA 0.58 GB         Max_MA 0.94 GB         CA 1.12 GB         Max_CA 1 GB 
[2024-12-14 00:22:50,479] [INFO] [utils.py:789:see_memory_usage] CPU Virtual Memory:  used = 22.05 GB, percent = 4.4%
[2024-12-14 00:22:50,480] [INFO] [stage3.py:525:_setup_for_real_optimizer] optimizer state initialized
[2024-12-14 00:22:51,483] [INFO] [utils.py:781:see_memory_usage] After initializing ZeRO optimizer
[2024-12-14 00:22:51,484] [INFO] [utils.py:782:see_memory_usage] MA 1.69 GB         Max_MA 1.93 GB         CA 2.05 GB         Max_CA 2 GB 
[2024-12-14 00:22:51,485] [INFO] [utils.py:789:see_memory_usage] CPU Virtual Memory:  used = 22.05 GB, percent = 4.4%
[2024-12-14 00:22:51,485] [INFO] [logging.py:128:log_dist] [Rank 0] DeepSpeed Final Optimizer = DeepSpeedZeroOptimizer_Stage3
[2024-12-14 00:22:51,485] [INFO] [logging.py:128:log_dist] [Rank 0] DeepSpeed using configured LR scheduler = None
[2024-12-14 00:22:51,485] [INFO] [logging.py:128:log_dist] [Rank 0] DeepSpeed LR Scheduler = None
[2024-12-14 00:22:51,485] [INFO] [logging.py:128:log_dist] [Rank 0] step=0, skipped=0, lr=[0.0001], mom=[(0.9, 0.999)]
[2024-12-14 00:22:51,488] [INFO] [config.py:999:print] DeepSpeedEngine configuration:
[2024-12-14 00:22:51,489] [INFO] [config.py:1003:print]   activation_checkpointing_config  {
    "partition_activations": false, 
    "contiguous_memory_optimization": false, 
    "cpu_checkpointing": false, 
    "number_checkpoints": null, 
    "synchronize_checkpoint_boundary": false, 
    "profile": false
}
[2024-12-14 00:22:51,489] [INFO] [config.py:1003:print]   aio_config ................... {'block_size': 1048576, 'queue_depth': 8, 'thread_count': 1, 'single_submit': False, 'overlap_events': True, 'use_gds': False}
[2024-12-14 00:22:51,489] [INFO] [config.py:1003:print]   amp_enabled .................. False
[2024-12-14 00:22:51,489] [INFO] [config.py:1003:print]   amp_params ................... False
[2024-12-14 00:22:51,490] [INFO] [config.py:1003:print]   autotuning_config ............ {
    "enabled": false, 
    "start_step": null, 
    "end_step": null, 
    "metric_path": null, 
    "arg_mappings": null, 
    "metric": "throughput", 
    "model_info": null, 
    "results_dir": "autotuning_results", 
    "exps_dir": "autotuning_exps", 
    "overwrite": true, 
    "fast": true, 
    "start_profile_step": 3, 
    "end_profile_step": 5, 
    "tuner_type": "gridsearch", 
    "tuner_early_stopping": 5, 
    "tuner_num_trials": 50, 
    "model_info_path": null, 
    "mp_size": 1, 
    "max_train_batch_size": null, 
    "min_train_batch_size": 1, 
    "max_train_micro_batch_size_per_gpu": 1.024000e+03, 
    "min_train_micro_batch_size_per_gpu": 1, 
    "num_tuning_micro_batch_sizes": 3
}
[2024-12-14 00:22:51,490] [INFO] [config.py:1003:print]   bfloat16_enabled ............. False
[2024-12-14 00:22:51,490] [INFO] [config.py:1003:print]   bfloat16_immediate_grad_update  False
[2024-12-14 00:22:51,490] [INFO] [config.py:1003:print]   checkpoint_parallel_write_pipeline  False
[2024-12-14 00:22:51,490] [INFO] [config.py:1003:print]   checkpoint_tag_validation_enabled  True
[2024-12-14 00:22:51,490] [INFO] [config.py:1003:print]   checkpoint_tag_validation_fail  False
[2024-12-14 00:22:51,490] [INFO] [config.py:1003:print]   comms_config ................. <deepspeed.comm.config.DeepSpeedCommsConfig object at 0x147334b37e20>
[2024-12-14 00:22:51,490] [INFO] [config.py:1003:print]   communication_data_type ...... None
[2024-12-14 00:22:51,490] [INFO] [config.py:1003:print]   compression_config ........... {'weight_quantization': {'shared_parameters': {'enabled': False, 'quantizer_kernel': False, 'schedule_offset': 0, 'quantize_groups': 1, 'quantize_verbose': False, 'quantization_type': 'symmetric', 'quantize_weight_in_forward': False, 'rounding': 'nearest', 'fp16_mixed_quantize': False, 'quantize_change_ratio': 0.001}, 'different_groups': {}}, 'activation_quantization': {'shared_parameters': {'enabled': False, 'quantization_type': 'symmetric', 'range_calibration': 'dynamic', 'schedule_offset': 1000}, 'different_groups': {}}, 'sparse_pruning': {'shared_parameters': {'enabled': False, 'method': 'l1', 'schedule_offset': 1000}, 'different_groups': {}}, 'row_pruning': {'shared_parameters': {'enabled': False, 'method': 'l1', 'schedule_offset': 1000}, 'different_groups': {}}, 'head_pruning': {'shared_parameters': {'enabled': False, 'method': 'topk', 'schedule_offset': 1000}, 'different_groups': {}}, 'channel_pruning': {'shared_parameters': {'enabled': False, 'method': 'l1', 'schedule_offset': 1000}, 'different_groups': {}}, 'layer_reduction': {'enabled': False}}
[2024-12-14 00:22:51,490] [INFO] [config.py:1003:print]   curriculum_enabled_legacy .... False
[2024-12-14 00:22:51,491] [INFO] [config.py:1003:print]   curriculum_params_legacy ..... False
[2024-12-14 00:22:51,491] [INFO] [config.py:1003:print]   data_efficiency_config ....... {'enabled': False, 'seed': 1234, 'data_sampling': {'enabled': False, 'num_epochs': 1000, 'num_workers': 0, 'curriculum_learning': {'enabled': False}}, 'data_routing': {'enabled': False, 'random_ltd': {'enabled': False, 'layer_token_lr_schedule': {'enabled': False}}}}
[2024-12-14 00:22:51,491] [INFO] [config.py:1003:print]   data_efficiency_enabled ...... False
[2024-12-14 00:22:51,491] [INFO] [config.py:1003:print]   dataloader_drop_last ......... False
[2024-12-14 00:22:51,491] [INFO] [config.py:1003:print]   disable_allgather ............ False
[2024-12-14 00:22:51,491] [INFO] [config.py:1003:print]   dump_state ................... False
[2024-12-14 00:22:51,491] [INFO] [config.py:1003:print]   dynamic_loss_scale_args ...... {'init_scale': 65536, 'scale_window': 1000, 'delayed_shift': 2, 'consecutive_hysteresis': False, 'min_scale': 1}
[2024-12-14 00:22:51,491] [INFO] [config.py:1003:print]   eigenvalue_enabled ........... False
[2024-12-14 00:22:51,491] [INFO] [config.py:1003:print]   eigenvalue_gas_boundary_resolution  1
[2024-12-14 00:22:51,492] [INFO] [config.py:1003:print]   eigenvalue_layer_name ........ bert.encoder.layer
[2024-12-14 00:22:51,492] [INFO] [config.py:1003:print]   eigenvalue_layer_num ......... 0
[2024-12-14 00:22:51,492] [INFO] [config.py:1003:print]   eigenvalue_max_iter .......... 100
[2024-12-14 00:22:51,492] [INFO] [config.py:1003:print]   eigenvalue_stability ......... 1e-06
[2024-12-14 00:22:51,492] [INFO] [config.py:1003:print]   eigenvalue_tol ............... 0.01
[2024-12-14 00:22:51,492] [INFO] [config.py:1003:print]   eigenvalue_verbose ........... False
[2024-12-14 00:22:51,492] [INFO] [config.py:1003:print]   elasticity_enabled ........... False
[2024-12-14 00:22:51,492] [INFO] [config.py:1003:print]   flops_profiler_config ........ {
    "enabled": false, 
    "recompute_fwd_factor": 0.0, 
    "profile_step": 1, 
    "module_depth": -1, 
    "top_modules": 1, 
    "detailed": true, 
    "output_file": null
}
[2024-12-14 00:22:51,492] [INFO] [config.py:1003:print]   fp16_auto_cast ............... False
[2024-12-14 00:22:51,492] [INFO] [config.py:1003:print]   fp16_enabled ................. True
[2024-12-14 00:22:51,492] [INFO] [config.py:1003:print]   fp16_master_weights_and_gradients  False
[2024-12-14 00:22:51,492] [INFO] [config.py:1003:print]   global_rank .................. 0
[2024-12-14 00:22:51,493] [INFO] [config.py:1003:print]   grad_accum_dtype ............. None
[2024-12-14 00:22:51,493] [INFO] [config.py:1003:print]   gradient_accumulation_steps .. 1
[2024-12-14 00:22:51,493] [INFO] [config.py:1003:print]   gradient_clipping ............ 0.0
[2024-12-14 00:22:51,493] [INFO] [config.py:1003:print]   gradient_predivide_factor .... 1.0
[2024-12-14 00:22:51,493] [INFO] [config.py:1003:print]   graph_harvesting ............. False
[2024-12-14 00:22:51,493] [INFO] [config.py:1003:print]   hybrid_engine ................ enabled=False max_out_tokens=512 inference_tp_size=1 release_inference_cache=False pin_parameters=True tp_gather_partition_size=8
[2024-12-14 00:22:51,493] [INFO] [config.py:1003:print]   initial_dynamic_scale ........ 65536
[2024-12-14 00:22:51,493] [INFO] [config.py:1003:print]   load_universal_checkpoint .... False
[2024-12-14 00:22:51,493] [INFO] [config.py:1003:print]   loss_scale ................... 0
[2024-12-14 00:22:51,493] [INFO] [config.py:1003:print]   memory_breakdown ............. False
[2024-12-14 00:22:51,493] [INFO] [config.py:1003:print]   mics_hierarchial_params_gather  False
[2024-12-14 00:22:51,493] [INFO] [config.py:1003:print]   mics_shard_size .............. -1
[2024-12-14 00:22:51,494] [INFO] [config.py:1003:print]   monitor_config ............... tensorboard=TensorBoardConfig(enabled=False, output_path='', job_name='DeepSpeedJobName') comet=CometConfig(enabled=False, samples_log_interval=100, project=None, workspace=None, api_key=None, experiment_name=None, experiment_key=None, online=None, mode=None) wandb=WandbConfig(enabled=False, group=None, team=None, project='deepspeed') csv_monitor=CSVConfig(enabled=False, output_path='', job_name='DeepSpeedJobName')
[2024-12-14 00:22:51,494] [INFO] [config.py:1003:print]   nebula_config ................ {
    "enabled": false, 
    "persistent_storage_path": null, 
    "persistent_time_interval": 100, 
    "num_of_version_in_retention": 2, 
    "enable_nebula_load": true, 
    "load_path": null
}
[2024-12-14 00:22:51,494] [INFO] [config.py:1003:print]   optimizer_legacy_fusion ...... False
[2024-12-14 00:22:51,494] [INFO] [config.py:1003:print]   optimizer_name ............... adam
[2024-12-14 00:22:51,494] [INFO] [config.py:1003:print]   optimizer_params ............. {'lr': 0.0001}
[2024-12-14 00:22:51,494] [INFO] [config.py:1003:print]   pipeline ..................... {'stages': 'auto', 'partition': 'best', 'seed_layers': False, 'activation_checkpoint_interval': 0, 'pipe_partitioned': True, 'grad_partitioned': True}
[2024-12-14 00:22:51,494] [INFO] [config.py:1003:print]   pld_enabled .................. False
[2024-12-14 00:22:51,494] [INFO] [config.py:1003:print]   pld_params ................... False
[2024-12-14 00:22:51,495] [INFO] [config.py:1003:print]   prescale_gradients ........... False
[2024-12-14 00:22:51,495] [INFO] [config.py:1003:print]   scheduler_name ............... None
[2024-12-14 00:22:51,495] [INFO] [config.py:1003:print]   scheduler_params ............. None
[2024-12-14 00:22:51,495] [INFO] [config.py:1003:print]   seq_parallel_communication_data_type  torch.float32
[2024-12-14 00:22:51,495] [INFO] [config.py:1003:print]   sparse_attention ............. None
[2024-12-14 00:22:51,495] [INFO] [config.py:1003:print]   sparse_gradients_enabled ..... False
[2024-12-14 00:22:51,495] [INFO] [config.py:1003:print]   steps_per_print .............. None
[2024-12-14 00:22:51,495] [INFO] [config.py:1003:print]   timers_config ................ enabled=True synchronized=True
[2024-12-14 00:22:51,495] [INFO] [config.py:1003:print]   train_batch_size ............. 64
[2024-12-14 00:22:51,495] [INFO] [config.py:1003:print]   train_micro_batch_size_per_gpu  8
[2024-12-14 00:22:51,495] [INFO] [config.py:1003:print]   use_data_before_expert_parallel_  False
[2024-12-14 00:22:51,496] [INFO] [config.py:1003:print]   use_node_local_storage ....... False
[2024-12-14 00:22:51,496] [INFO] [config.py:1003:print]   wall_clock_breakdown ......... False
[2024-12-14 00:22:51,496] [INFO] [config.py:1003:print]   weight_quantization_config ... None
[2024-12-14 00:22:51,496] [INFO] [config.py:1003:print]   world_size ................... 8
[2024-12-14 00:22:51,496] [INFO] [config.py:1003:print]   zero_allow_untested_optimizer  False
[2024-12-14 00:22:51,496] [INFO] [config.py:1003:print]   zero_config .................. stage=3 contiguous_gradients=True reduce_scatter=True reduce_bucket_size=500000000 use_multi_rank_bucket_allreduce=True allgather_partitions=True allgather_bucket_size=500000000 overlap_comm=True load_from_fp32_weights=True elastic_checkpoint=False offload_param=None offload_optimizer=None sub_group_size=1000000000 cpu_offload_param=None cpu_offload_use_pin_memory=None cpu_offload=None prefetch_bucket_size=50000000 param_persistence_threshold=100000 model_persistence_threshold=9223372036854775807 max_live_parameters=1000000000 max_reuse_distance=1000000000 gather_16bit_weights_on_model_save=False module_granularity_threshold=0 use_all_reduce_for_fetch_params=False stage3_gather_fp16_weights_on_model_save=False ignore_unused_parameters=True legacy_stage1=False round_robin_gradients=False zero_hpz_partition_size=1 zero_quantized_weights=False zero_quantized_nontrainable_weights=False zero_quantized_gradients=False mics_shard_size=-1 mics_hierarchical_params_gather=False memory_efficient_linear=True pipeline_loading_checkpoint=False override_module_apply=True
[2024-12-14 00:22:51,496] [INFO] [config.py:1003:print]   zero_enabled ................. True
[2024-12-14 00:22:51,496] [INFO] [config.py:1003:print]   zero_force_ds_cpu_optimizer .. True
[2024-12-14 00:22:51,496] [INFO] [config.py:1003:print]   zero_optimization_stage ...... 3
[2024-12-14 00:22:51,497] [INFO] [config.py:989:print_user_config]   json = {
    "train_batch_size": 64, 
    "zero_optimization": {
        "stage": 3, 
        "contiguous_gradients": true, 
        "reduce_bucket_size": 5.000000e+08, 
        "sub_group_size": 1.000000e+09
    }, 
    "optimizer": {
        "type": "Adam", 
        "params": {
            "lr": 0.0001
        }
    }, 
    "fp16": {
        "enabled": true, 
        "loss_scale": 0, 
        "initial_scale_power": 16, 
        "loss_scale_window": 1000, 
        "hysteresis": 2, 
        "min_loss_scale": 1
    }
}
[2024-12-14 00:22:58,411] [INFO] [loss_scaler.py:190:update_scale] [deepspeed] OVERFLOW! Rank 0 Skipping step. Attempted loss scale: 65536, but hysteresis is 2. Reducing hysteresis to 1
Epoch 1, Step 1, Loss: 10.4375
Step 1 Timing: Forward: 3.6262s, Backward: 3.1385s, Optimizer: 0.0340s, Total: 6.7986s
[2024-12-14 00:23:04,853] [INFO] [loss_scaler.py:183:update_scale] [deepspeed] OVERFLOW! Rank 0 Skipping step. Attempted loss scale: 65536, reducing to 32768
Epoch 1, Step 2, Loss: 10.140625
Step 2 Timing: Forward: 3.8564s, Backward: 2.3771s, Optimizer: 0.0474s, Total: 6.2810s
[2024-12-14 00:23:06,869] [INFO] [loss_scaler.py:183:update_scale] [deepspeed] OVERFLOW! Rank 0 Skipping step. Attempted loss scale: 32768, reducing to 16384
Epoch 1, Step 3, Loss: 10.390625
Step 3 Timing: Forward: 0.9204s, Backward: 0.8391s, Optimizer: 0.0667s, Total: 1.8261s
Epoch 1, Step 4, Loss: 10.421875
Step 4 Timing: Forward: 0.8906s, Backward: 0.8753s, Optimizer: 0.1724s, Total: 1.9383s
Epoch 1, Step 5, Loss: 3.890625
Step 5 Timing: Forward: 0.8829s, Backward: 1.2832s, Optimizer: 0.1756s, Total: 2.3417s
Epoch 1, Step 6, Loss: 8.90625
Step 6 Timing: Forward: 0.9006s, Backward: 1.1344s, Optimizer: 0.1718s, Total: 2.2068s
Epoch 1, Step 7, Loss: 0.0814208984375
Step 7 Timing: Forward: 0.9051s, Backward: 1.1295s, Optimizer: 0.3537s, Total: 2.3884s
Epoch 1, Step 8, Loss: 0.931640625
Step 8 Timing: Forward: 0.8448s, Backward: 0.9400s, Optimizer: 0.3296s, Total: 2.1144s
Epoch 1, Step 9, Loss: 1.244140625
Step 9 Timing: Forward: 0.8539s, Backward: 1.1754s, Optimizer: 0.2713s, Total: 2.3006s
Epoch 1, Step 10, Loss: 2.0
Step 10 Timing: Forward: 0.9021s, Backward: 0.9910s, Optimizer: 0.1557s, Total: 2.0488s
Epoch 1, Step 11, Loss: 2.6953125
Step 11 Timing: Forward: 0.9186s, Backward: 1.2226s, Optimizer: 0.2571s, Total: 2.3983s
Epoch 1, Step 12, Loss: 0.54931640625
Step 12 Timing: Forward: 0.8548s, Backward: 1.3918s, Optimizer: 0.2221s, Total: 2.4687s
Epoch 1, Step 13, Loss: 0.03509521484375
Step 13 Timing: Forward: 0.8534s, Backward: 1.1791s, Optimizer: 0.2716s, Total: 2.3040s
Epoch 1, Step 14, Loss: 0.65185546875
Step 14 Timing: Forward: 0.8966s, Backward: 1.0031s, Optimizer: 0.2206s, Total: 2.1203s
Epoch 1, Step 15, Loss: 3.49609375
Step 15 Timing: Forward: 0.9070s, Backward: 1.2240s, Optimizer: 0.3764s, Total: 2.5073s
Epoch 1, Step 16, Loss: 2.333984375
Step 16 Timing: Forward: 0.8745s, Backward: 1.0439s, Optimizer: 0.2064s, Total: 2.1247s
Epoch 1, Step 17, Loss: 0.9677734375
Step 17 Timing: Forward: 0.8656s, Backward: 1.1889s, Optimizer: 0.1554s, Total: 2.2099s
Epoch 1, Step 18, Loss: 0.08795166015625
Step 18 Timing: Forward: 0.8754s, Backward: 1.1865s, Optimizer: 0.1647s, Total: 2.2266s
Epoch 1, Step 19, Loss: 0.09613037109375
Step 19 Timing: Forward: 0.9139s, Backward: 1.0516s, Optimizer: 0.3464s, Total: 2.3118s
Epoch 1, Step 20, Loss: 0.6435546875
Step 20 Timing: Forward: 0.8440s, Backward: 1.2521s, Optimizer: 0.1506s, Total: 2.2466s
Training complete.Training complete.

Training complete.

Training complete.
Training complete.
[Epoch 1] Average Timing over 20 Iterations:
Forward: 1.1693s, Backward: 1.2814s, Optimizer: 0.2075s, Total: 2.6581s
Training complete.
Training complete.
Training complete.
