[2024-12-14 00:19:02,198] [INFO] [real_accelerator.py:219:get_accelerator] Setting ds_accelerator to cuda (auto detect)
[2024-12-14 00:19:02,193] [INFO] [real_accelerator.py:219:get_accelerator] Setting ds_accelerator to cuda (auto detect)
[2024-12-14 00:19:02,204] [INFO] [real_accelerator.py:219:get_accelerator] Setting ds_accelerator to cuda (auto detect)
[2024-12-14 00:19:02,204] [INFO] [real_accelerator.py:219:get_accelerator] Setting ds_accelerator to cuda (auto detect)
[2024-12-14 00:19:02,204] [INFO] [real_accelerator.py:219:get_accelerator] Setting ds_accelerator to cuda (auto detect)
[2024-12-14 00:19:02,202] [INFO] [real_accelerator.py:219:get_accelerator] Setting ds_accelerator to cuda (auto detect)
[2024-12-14 00:19:02,203] [INFO] [real_accelerator.py:219:get_accelerator] Setting ds_accelerator to cuda (auto detect)
[2024-12-14 00:19:02,204] [INFO] [real_accelerator.py:219:get_accelerator] Setting ds_accelerator to cuda (auto detect)
Warning: The cache directory for DeepSpeed Triton autotune, /home/s0/shpc152/.triton/autotune, appears to be on an NFS system. While this is generally acceptable, if you experience slowdowns or hanging when DeepSpeed exits, it is recommended to set the TRITON_CACHE_DIR environment variable to a non-NFS path.
Warning: The cache directory for DeepSpeed Triton autotune, /home/s0/shpc152/.triton/autotune, appears to be on an NFS system. While this is generally acceptable, if you experience slowdowns or hanging when DeepSpeed exits, it is recommended to set the TRITON_CACHE_DIR environment variable to a non-NFS path.
Warning: The cache directory for DeepSpeed Triton autotune, /home/s0/shpc152/.triton/autotune, appears to be on an NFS system. While this is generally acceptable, if you experience slowdowns or hanging when DeepSpeed exits, it is recommended to set the TRITON_CACHE_DIR environment variable to a non-NFS path.
Warning: The cache directory for DeepSpeed Triton autotune, /home/s0/shpc152/.triton/autotune, appears to be on an NFS system. While this is generally acceptable, if you experience slowdowns or hanging when DeepSpeed exits, it is recommended to set the TRITON_CACHE_DIR environment variable to a non-NFS path.
Warning: The cache directory for DeepSpeed Triton autotune, /home/s0/shpc152/.triton/autotune, appears to be on an NFS system. While this is generally acceptable, if you experience slowdowns or hanging when DeepSpeed exits, it is recommended to set the TRITON_CACHE_DIR environment variable to a non-NFS path.
Warning: The cache directory for DeepSpeed Triton autotune, /home/s0/shpc152/.triton/autotune, appears to be on an NFS system. While this is generally acceptable, if you experience slowdowns or hanging when DeepSpeed exits, it is recommended to set the TRITON_CACHE_DIR environment variable to a non-NFS path.
Warning: The cache directory for DeepSpeed Triton autotune, /home/s0/shpc152/.triton/autotune, appears to be on an NFS system. While this is generally acceptable, if you experience slowdowns or hanging when DeepSpeed exits, it is recommended to set the TRITON_CACHE_DIR environment variable to a non-NFS path.
Warning: The cache directory for DeepSpeed Triton autotune, /home/s0/shpc152/.triton/autotune, appears to be on an NFS system. While this is generally acceptable, if you experience slowdowns or hanging when DeepSpeed exits, it is recommended to set the TRITON_CACHE_DIR environment variable to a non-NFS path.
[2024-12-14 00:19:37,712] [INFO] [comm.py:652:init_distributed] cdb=None
[2024-12-14 00:19:37,722] [INFO] [config.py:733:__init__] Config mesh_device None world_size = 8
[2024-12-14 00:19:37,953] [INFO] [comm.py:652:init_distributed] cdb=None
[2024-12-14 00:19:37,956] [INFO] [config.py:733:__init__] Config mesh_device None world_size = 8
[2024-12-14 00:19:38,214] [INFO] [comm.py:652:init_distributed] cdb=None
[2024-12-14 00:19:38,224] [INFO] [config.py:733:__init__] Config mesh_device None world_size = 8
[2024-12-14 00:19:38,313] [INFO] [comm.py:652:init_distributed] cdb=None
[2024-12-14 00:19:38,313] [INFO] [comm.py:683:init_distributed] Initializing TorchBackend in DeepSpeed with backend nccl
[2024-12-14 00:19:38,320] [INFO] [logging.py:128:log_dist] [Rank 0] DeepSpeed info: version=0.16.0, git-hash=unknown, git-branch=unknown
[2024-12-14 00:19:38,320] [INFO] [config.py:733:__init__] Config mesh_device None world_size = 8
[2024-12-14 00:19:38,396] [INFO] [comm.py:652:init_distributed] cdb=None
[2024-12-14 00:19:38,399] [INFO] [config.py:733:__init__] Config mesh_device None world_size = 8
[2024-12-14 00:19:38,628] [INFO] [comm.py:652:init_distributed] cdb=None
[2024-12-14 00:19:38,633] [INFO] [config.py:733:__init__] Config mesh_device None world_size = 8
[2024-12-14 00:19:38,839] [INFO] [comm.py:652:init_distributed] cdb=None
[2024-12-14 00:19:38,846] [INFO] [config.py:733:__init__] Config mesh_device None world_size = 8
[2024-12-14 00:19:39,595] [INFO] [comm.py:652:init_distributed] cdb=None
[2024-12-14 00:19:39,605] [INFO] [config.py:733:__init__] Config mesh_device None world_size = 8
Using /home/s0/shpc152/.cache/torch_extensions/py38_cu118 as PyTorch extensions root...
Using /home/s0/shpc152/.cache/torch_extensions/py38_cu118 as PyTorch extensions root...
Using /home/s0/shpc152/.cache/torch_extensions/py38_cu118 as PyTorch extensions root...
[2024-12-14 00:19:44,030] [INFO] [logging.py:128:log_dist] [Rank 0] DeepSpeed Flops Profiler Enabled: False
Using /home/s0/shpc152/.cache/torch_extensions/py38_cu118 as PyTorch extensions root...
Using /home/s0/shpc152/.cache/torch_extensions/py38_cu118 as PyTorch extensions root...
Using /home/s0/shpc152/.cache/torch_extensions/py38_cu118 as PyTorch extensions root...
Using /home/s0/shpc152/.cache/torch_extensions/py38_cu118 as PyTorch extensions root...
Using /home/s0/shpc152/.cache/torch_extensions/py38_cu118 as PyTorch extensions root...
Detected CUDA files, patching ldflags
Emitting ninja build file /home/s0/shpc152/.cache/torch_extensions/py38_cu118/fused_adam/build.ninja...
/usr/local/lib/python3.8/dist-packages/torch/utils/cpp_extension.py:1965: UserWarning: TORCH_CUDA_ARCH_LIST is not set, all archs for visible cards are included for compilation. 
If this is not desired, please set os.environ['TORCH_CUDA_ARCH_LIST'].
  warnings.warn(
Building extension module fused_adam...
Allowing ninja to set a default number of workers... (overridable by setting the environment variable MAX_JOBS=N)
ninja: no work to do.
Loading extension module fused_adam...
Time to load fused_adam op: 0.2829108238220215 seconds
Loading extension module fused_adam...
Time to load fused_adam op: 0.31453990936279297 seconds
Loading extension module fused_adam...
Time to load fused_adam op: 0.3034214973449707 seconds
Loading extension module fused_adam...
Time to load fused_adam op: 0.311229944229126 seconds
[2024-12-14 00:19:44,901] [INFO] [logging.py:128:log_dist] [Rank 0] Using DeepSpeed Optimizer param name adam as basic optimizer
[2024-12-14 00:19:44,901] [INFO] [logging.py:128:log_dist] [Rank 0] Removing param_group that has no 'params' in the basic Optimizer
[2024-12-14 00:19:44,971] [INFO] [logging.py:128:log_dist] [Rank 0] DeepSpeed Basic Optimizer = FusedAdam
[2024-12-14 00:19:44,971] [INFO] [utils.py:59:is_zero_supported_optimizer] Checking ZeRO support for optimizer=FusedAdam type=<class 'deepspeed.ops.adam.fused_adam.FusedAdam'>
[2024-12-14 00:19:44,972] [INFO] [logging.py:128:log_dist] [Rank 0] Creating torch.float32 ZeRO stage 2 optimizer
[2024-12-14 00:19:44,972] [INFO] [stage_1_and_2.py:149:__init__] Reduce bucket size 500000000
[2024-12-14 00:19:44,972] [INFO] [stage_1_and_2.py:150:__init__] Allgather bucket size 500000000
[2024-12-14 00:19:44,972] [INFO] [stage_1_and_2.py:151:__init__] CPU Offload: False
[2024-12-14 00:19:44,972] [INFO] [stage_1_and_2.py:152:__init__] Round robin gradient partitioning: False
Loading extension module fused_adam...
Time to load fused_adam op: 3.0137295722961426 seconds
Loading extension module fused_adam...
Time to load fused_adam op: 3.111862897872925 seconds
Loading extension module fused_adam...
Time to load fused_adam op: 3.110846519470215 seconds
Loading extension module fused_adam...
Time to load fused_adam op: 3.110464334487915 seconds
[2024-12-14 00:19:55,197] [INFO] [utils.py:781:see_memory_usage] Before initializing optimizer states
[2024-12-14 00:19:55,198] [INFO] [utils.py:782:see_memory_usage] MA 3.28 GB         Max_MA 3.28 GB         CA 3.29 GB         Max_CA 3 GB 
[2024-12-14 00:19:55,199] [INFO] [utils.py:789:see_memory_usage] CPU Virtual Memory:  used = 26.55 GB, percent = 5.3%
[2024-12-14 00:19:55,426] [INFO] [utils.py:781:see_memory_usage] After initializing optimizer states
[2024-12-14 00:19:55,433] [INFO] [utils.py:782:see_memory_usage] MA 3.28 GB         Max_MA 3.64 GB         CA 3.65 GB         Max_CA 4 GB 
[2024-12-14 00:19:55,433] [INFO] [utils.py:789:see_memory_usage] CPU Virtual Memory:  used = 26.55 GB, percent = 5.3%
[2024-12-14 00:19:55,433] [INFO] [stage_1_and_2.py:544:__init__] optimizer state initialized
[2024-12-14 00:19:55,674] [INFO] [utils.py:781:see_memory_usage] After initializing ZeRO optimizer
[2024-12-14 00:19:55,676] [INFO] [utils.py:782:see_memory_usage] MA 3.28 GB         Max_MA 3.28 GB         CA 3.65 GB         Max_CA 4 GB 
[2024-12-14 00:19:55,676] [INFO] [utils.py:789:see_memory_usage] CPU Virtual Memory:  used = 26.55 GB, percent = 5.3%
[2024-12-14 00:19:55,679] [INFO] [logging.py:128:log_dist] [Rank 0] DeepSpeed Final Optimizer = DeepSpeedZeroOptimizer
[2024-12-14 00:19:55,679] [INFO] [logging.py:128:log_dist] [Rank 0] DeepSpeed using configured LR scheduler = None
[2024-12-14 00:19:55,679] [INFO] [logging.py:128:log_dist] [Rank 0] DeepSpeed LR Scheduler = None
[2024-12-14 00:19:55,679] [INFO] [logging.py:128:log_dist] [Rank 0] step=0, skipped=0, lr=[0.0001], mom=[(0.9, 0.999)]
[2024-12-14 00:19:55,682] [INFO] [config.py:999:print] DeepSpeedEngine configuration:
[2024-12-14 00:19:55,682] [INFO] [config.py:1003:print]   activation_checkpointing_config  {
    "partition_activations": false, 
    "contiguous_memory_optimization": false, 
    "cpu_checkpointing": false, 
    "number_checkpoints": null, 
    "synchronize_checkpoint_boundary": false, 
    "profile": false
}
[2024-12-14 00:19:55,682] [INFO] [config.py:1003:print]   aio_config ................... {'block_size': 1048576, 'queue_depth': 8, 'thread_count': 1, 'single_submit': False, 'overlap_events': True, 'use_gds': False}
[2024-12-14 00:19:55,683] [INFO] [config.py:1003:print]   amp_enabled .................. False
[2024-12-14 00:19:55,683] [INFO] [config.py:1003:print]   amp_params ................... False
[2024-12-14 00:19:55,683] [INFO] [config.py:1003:print]   autotuning_config ............ {
    "enabled": false, 
    "start_step": null, 
    "end_step": null, 
    "metric_path": null, 
    "arg_mappings": null, 
    "metric": "throughput", 
    "model_info": null, 
    "results_dir": "autotuning_results", 
    "exps_dir": "autotuning_exps", 
    "overwrite": true, 
    "fast": true, 
    "start_profile_step": 3, 
    "end_profile_step": 5, 
    "tuner_type": "gridsearch", 
    "tuner_early_stopping": 5, 
    "tuner_num_trials": 50, 
    "model_info_path": null, 
    "mp_size": 1, 
    "max_train_batch_size": null, 
    "min_train_batch_size": 1, 
    "max_train_micro_batch_size_per_gpu": 1.024000e+03, 
    "min_train_micro_batch_size_per_gpu": 1, 
    "num_tuning_micro_batch_sizes": 3
}
[2024-12-14 00:19:55,683] [INFO] [config.py:1003:print]   bfloat16_enabled ............. False
[2024-12-14 00:19:55,684] [INFO] [config.py:1003:print]   bfloat16_immediate_grad_update  False
[2024-12-14 00:19:55,684] [INFO] [config.py:1003:print]   checkpoint_parallel_write_pipeline  False
[2024-12-14 00:19:55,684] [INFO] [config.py:1003:print]   checkpoint_tag_validation_enabled  True
[2024-12-14 00:19:55,684] [INFO] [config.py:1003:print]   checkpoint_tag_validation_fail  False
[2024-12-14 00:19:55,684] [INFO] [config.py:1003:print]   comms_config ................. <deepspeed.comm.config.DeepSpeedCommsConfig object at 0x14f7905230a0>
[2024-12-14 00:19:55,684] [INFO] [config.py:1003:print]   communication_data_type ...... None
[2024-12-14 00:19:55,684] [INFO] [config.py:1003:print]   compression_config ........... {'weight_quantization': {'shared_parameters': {'enabled': False, 'quantizer_kernel': False, 'schedule_offset': 0, 'quantize_groups': 1, 'quantize_verbose': False, 'quantization_type': 'symmetric', 'quantize_weight_in_forward': False, 'rounding': 'nearest', 'fp16_mixed_quantize': False, 'quantize_change_ratio': 0.001}, 'different_groups': {}}, 'activation_quantization': {'shared_parameters': {'enabled': False, 'quantization_type': 'symmetric', 'range_calibration': 'dynamic', 'schedule_offset': 1000}, 'different_groups': {}}, 'sparse_pruning': {'shared_parameters': {'enabled': False, 'method': 'l1', 'schedule_offset': 1000}, 'different_groups': {}}, 'row_pruning': {'shared_parameters': {'enabled': False, 'method': 'l1', 'schedule_offset': 1000}, 'different_groups': {}}, 'head_pruning': {'shared_parameters': {'enabled': False, 'method': 'topk', 'schedule_offset': 1000}, 'different_groups': {}}, 'channel_pruning': {'shared_parameters': {'enabled': False, 'method': 'l1', 'schedule_offset': 1000}, 'different_groups': {}}, 'layer_reduction': {'enabled': False}}
[2024-12-14 00:19:55,684] [INFO] [config.py:1003:print]   curriculum_enabled_legacy .... False
[2024-12-14 00:19:55,684] [INFO] [config.py:1003:print]   curriculum_params_legacy ..... False
[2024-12-14 00:19:55,685] [INFO] [config.py:1003:print]   data_efficiency_config ....... {'enabled': False, 'seed': 1234, 'data_sampling': {'enabled': False, 'num_epochs': 1000, 'num_workers': 0, 'curriculum_learning': {'enabled': False}}, 'data_routing': {'enabled': False, 'random_ltd': {'enabled': False, 'layer_token_lr_schedule': {'enabled': False}}}}
[2024-12-14 00:19:55,685] [INFO] [config.py:1003:print]   data_efficiency_enabled ...... False
[2024-12-14 00:19:55,685] [INFO] [config.py:1003:print]   dataloader_drop_last ......... False
[2024-12-14 00:19:55,685] [INFO] [config.py:1003:print]   disable_allgather ............ False
[2024-12-14 00:19:55,685] [INFO] [config.py:1003:print]   dump_state ................... False
[2024-12-14 00:19:55,685] [INFO] [config.py:1003:print]   dynamic_loss_scale_args ...... None
[2024-12-14 00:19:55,685] [INFO] [config.py:1003:print]   eigenvalue_enabled ........... False
[2024-12-14 00:19:55,685] [INFO] [config.py:1003:print]   eigenvalue_gas_boundary_resolution  1
[2024-12-14 00:19:55,685] [INFO] [config.py:1003:print]   eigenvalue_layer_name ........ bert.encoder.layer
[2024-12-14 00:19:55,685] [INFO] [config.py:1003:print]   eigenvalue_layer_num ......... 0
[2024-12-14 00:19:55,685] [INFO] [config.py:1003:print]   eigenvalue_max_iter .......... 100
[2024-12-14 00:19:55,685] [INFO] [config.py:1003:print]   eigenvalue_stability ......... 1e-06
[2024-12-14 00:19:55,686] [INFO] [config.py:1003:print]   eigenvalue_tol ............... 0.01
[2024-12-14 00:19:55,686] [INFO] [config.py:1003:print]   eigenvalue_verbose ........... False
[2024-12-14 00:19:55,686] [INFO] [config.py:1003:print]   elasticity_enabled ........... False
[2024-12-14 00:19:55,686] [INFO] [config.py:1003:print]   flops_profiler_config ........ {
    "enabled": false, 
    "recompute_fwd_factor": 0.0, 
    "profile_step": 1, 
    "module_depth": -1, 
    "top_modules": 1, 
    "detailed": true, 
    "output_file": null
}
[2024-12-14 00:19:55,686] [INFO] [config.py:1003:print]   fp16_auto_cast ............... None
[2024-12-14 00:19:55,686] [INFO] [config.py:1003:print]   fp16_enabled ................. False
[2024-12-14 00:19:55,686] [INFO] [config.py:1003:print]   fp16_master_weights_and_gradients  False
[2024-12-14 00:19:55,686] [INFO] [config.py:1003:print]   global_rank .................. 0
[2024-12-14 00:19:55,686] [INFO] [config.py:1003:print]   grad_accum_dtype ............. None
[2024-12-14 00:19:55,687] [INFO] [config.py:1003:print]   gradient_accumulation_steps .. 32
[2024-12-14 00:19:55,687] [INFO] [config.py:1003:print]   gradient_clipping ............ 0.0
[2024-12-14 00:19:55,687] [INFO] [config.py:1003:print]   gradient_predivide_factor .... 1.0
[2024-12-14 00:19:55,687] [INFO] [config.py:1003:print]   graph_harvesting ............. False
[2024-12-14 00:19:55,687] [INFO] [config.py:1003:print]   hybrid_engine ................ enabled=False max_out_tokens=512 inference_tp_size=1 release_inference_cache=False pin_parameters=True tp_gather_partition_size=8
[2024-12-14 00:19:55,687] [INFO] [config.py:1003:print]   initial_dynamic_scale ........ 65536
[2024-12-14 00:19:55,687] [INFO] [config.py:1003:print]   load_universal_checkpoint .... False
[2024-12-14 00:19:55,687] [INFO] [config.py:1003:print]   loss_scale ................... 0
[2024-12-14 00:19:55,687] [INFO] [config.py:1003:print]   memory_breakdown ............. False
[2024-12-14 00:19:55,688] [INFO] [config.py:1003:print]   mics_hierarchial_params_gather  False
[2024-12-14 00:19:55,688] [INFO] [config.py:1003:print]   mics_shard_size .............. -1
[2024-12-14 00:19:55,688] [INFO] [config.py:1003:print]   monitor_config ............... tensorboard=TensorBoardConfig(enabled=False, output_path='', job_name='DeepSpeedJobName') comet=CometConfig(enabled=False, samples_log_interval=100, project=None, workspace=None, api_key=None, experiment_name=None, experiment_key=None, online=None, mode=None) wandb=WandbConfig(enabled=False, group=None, team=None, project='deepspeed') csv_monitor=CSVConfig(enabled=False, output_path='', job_name='DeepSpeedJobName')
[2024-12-14 00:19:55,688] [INFO] [config.py:1003:print]   nebula_config ................ {
    "enabled": false, 
    "persistent_storage_path": null, 
    "persistent_time_interval": 100, 
    "num_of_version_in_retention": 2, 
    "enable_nebula_load": true, 
    "load_path": null
}
[2024-12-14 00:19:55,688] [INFO] [config.py:1003:print]   optimizer_legacy_fusion ...... False
[2024-12-14 00:19:55,688] [INFO] [config.py:1003:print]   optimizer_name ............... adam
[2024-12-14 00:19:55,688] [INFO] [config.py:1003:print]   optimizer_params ............. {'lr': 0.0001}
[2024-12-14 00:19:55,688] [INFO] [config.py:1003:print]   pipeline ..................... {'stages': 'auto', 'partition': 'best', 'seed_layers': False, 'activation_checkpoint_interval': 0, 'pipe_partitioned': True, 'grad_partitioned': True}
[2024-12-14 00:19:55,688] [INFO] [config.py:1003:print]   pld_enabled .................. False
[2024-12-14 00:19:55,689] [INFO] [config.py:1003:print]   pld_params ................... False
[2024-12-14 00:19:55,689] [INFO] [config.py:1003:print]   prescale_gradients ........... False
[2024-12-14 00:19:55,689] [INFO] [config.py:1003:print]   scheduler_name ............... None
[2024-12-14 00:19:55,689] [INFO] [config.py:1003:print]   scheduler_params ............. None
[2024-12-14 00:19:55,689] [INFO] [config.py:1003:print]   seq_parallel_communication_data_type  torch.float32
[2024-12-14 00:19:55,689] [INFO] [config.py:1003:print]   sparse_attention ............. None
[2024-12-14 00:19:55,689] [INFO] [config.py:1003:print]   sparse_gradients_enabled ..... False
[2024-12-14 00:19:55,689] [INFO] [config.py:1003:print]   steps_per_print .............. None
[2024-12-14 00:19:55,689] [INFO] [config.py:1003:print]   timers_config ................ enabled=True synchronized=True
[2024-12-14 00:19:55,689] [INFO] [config.py:1003:print]   train_batch_size ............. 512
[2024-12-14 00:19:55,690] [INFO] [config.py:1003:print]   train_micro_batch_size_per_gpu  2
[2024-12-14 00:19:55,690] [INFO] [config.py:1003:print]   use_data_before_expert_parallel_  False
[2024-12-14 00:19:55,690] [INFO] [config.py:1003:print]   use_node_local_storage ....... False
[2024-12-14 00:19:55,690] [INFO] [config.py:1003:print]   wall_clock_breakdown ......... False
[2024-12-14 00:19:55,690] [INFO] [config.py:1003:print]   weight_quantization_config ... None
[2024-12-14 00:19:55,690] [INFO] [config.py:1003:print]   world_size ................... 8
[2024-12-14 00:19:55,690] [INFO] [config.py:1003:print]   zero_allow_untested_optimizer  False
[2024-12-14 00:19:55,690] [INFO] [config.py:1003:print]   zero_config .................. stage=2 contiguous_gradients=True reduce_scatter=True reduce_bucket_size=500000000 use_multi_rank_bucket_allreduce=True allgather_partitions=True allgather_bucket_size=500000000 overlap_comm=True load_from_fp32_weights=True elastic_checkpoint=False offload_param=None offload_optimizer=None sub_group_size=1000000000 cpu_offload_param=None cpu_offload_use_pin_memory=None cpu_offload=None prefetch_bucket_size=50000000 param_persistence_threshold=100000 model_persistence_threshold=9223372036854775807 max_live_parameters=1000000000 max_reuse_distance=1000000000 gather_16bit_weights_on_model_save=False module_granularity_threshold=0 use_all_reduce_for_fetch_params=False stage3_gather_fp16_weights_on_model_save=False ignore_unused_parameters=True legacy_stage1=False round_robin_gradients=False zero_hpz_partition_size=1 zero_quantized_weights=False zero_quantized_nontrainable_weights=False zero_quantized_gradients=False mics_shard_size=-1 mics_hierarchical_params_gather=False memory_efficient_linear=True pipeline_loading_checkpoint=False override_module_apply=True
[2024-12-14 00:19:55,690] [INFO] [config.py:1003:print]   zero_enabled ................. True
[2024-12-14 00:19:55,691] [INFO] [config.py:1003:print]   zero_force_ds_cpu_optimizer .. True
[2024-12-14 00:19:55,691] [INFO] [config.py:1003:print]   zero_optimization_stage ...... 2
[2024-12-14 00:19:55,691] [INFO] [config.py:989:print_user_config]   json = {
    "train_batch_size": 512, 
    "train_micro_batch_size_per_gpu": 2, 
    "zero_optimization": {
        "stage": 2, 
        "allgather_partitions": true, 
        "allgather_bucket_size": 5.000000e+08, 
        "reduce_scatter": true, 
        "overlap_comm": true
    }, 
    "optimizer": {
        "type": "Adam", 
        "params": {
            "lr": 0.0001
        }
    }
}
Epoch 1, Step 1, Loss: 10.659369468688965
Step 1 Timing: Forward: 1.5491s, Backward: 3.9382s, Optimizer: 0.0001s, Total: 5.4874s
Epoch 1, Step 2, Loss: 10.33413028717041
Step 2 Timing: Forward: 0.3869s, Backward: 4.4580s, Optimizer: 0.0001s, Total: 4.8449s
Epoch 1, Step 3, Loss: 10.365457534790039
Step 3 Timing: Forward: 0.3781s, Backward: 4.8061s, Optimizer: 0.0001s, Total: 5.1843s
Epoch 1, Step 4, Loss: 10.422728538513184
Step 4 Timing: Forward: 0.3704s, Backward: 4.9380s, Optimizer: 0.0001s, Total: 5.3085s
Epoch 1, Step 5, Loss: 10.337859153747559
Step 5 Timing: Forward: 0.3752s, Backward: 4.9141s, Optimizer: 0.0002s, Total: 5.2895s
Epoch 1, Step 6, Loss: 10.353036880493164
Step 6 Timing: Forward: 0.3591s, Backward: 4.7355s, Optimizer: 0.0001s, Total: 5.0947s
Epoch 1, Step 7, Loss: 10.291122436523438
Step 7 Timing: Forward: 0.3823s, Backward: 4.1250s, Optimizer: 0.0001s, Total: 4.5074s
Epoch 1, Step 8, Loss: 10.150345802307129
Step 8 Timing: Forward: 0.3629s, Backward: 4.4862s, Optimizer: 0.0001s, Total: 4.8492s
Epoch 1, Step 9, Loss: 10.343194961547852
Step 9 Timing: Forward: 0.3505s, Backward: 4.7584s, Optimizer: 0.0001s, Total: 5.1090s
Epoch 1, Step 10, Loss: 10.546069145202637
Step 10 Timing: Forward: 0.3643s, Backward: 5.2262s, Optimizer: 0.0002s, Total: 5.5907s
Epoch 1, Step 11, Loss: 10.551231384277344
Step 11 Timing: Forward: 0.3769s, Backward: 5.0813s, Optimizer: 0.0004s, Total: 5.4586s
Epoch 1, Step 12, Loss: 10.168351173400879
Step 12 Timing: Forward: 0.3576s, Backward: 4.4229s, Optimizer: 0.0001s, Total: 4.7806s
Epoch 1, Step 13, Loss: 10.5654935836792
Step 13 Timing: Forward: 0.3848s, Backward: 4.8356s, Optimizer: 0.0001s, Total: 5.2205s
Epoch 1, Step 14, Loss: 10.36624526977539
Step 14 Timing: Forward: 0.3489s, Backward: 4.7301s, Optimizer: 0.0001s, Total: 5.0791s
Epoch 1, Step 15, Loss: 10.443936347961426
Step 15 Timing: Forward: 0.3543s, Backward: 4.4480s, Optimizer: 0.0001s, Total: 4.8024s
Epoch 1, Step 16, Loss: 10.585738182067871
Step 16 Timing: Forward: 0.3517s, Backward: 4.4182s, Optimizer: 0.0001s, Total: 4.7700s
Epoch 1, Step 17, Loss: 10.50430965423584
Step 17 Timing: Forward: 0.3748s, Backward: 4.3495s, Optimizer: 0.0001s, Total: 4.7244s
Epoch 1, Step 18, Loss: 10.440522193908691
Step 18 Timing: Forward: 0.3706s, Backward: 4.2009s, Optimizer: 0.0001s, Total: 4.5716s
Epoch 1, Step 19, Loss: 10.194785118103027
Step 19 Timing: Forward: 0.3795s, Backward: 4.1043s, Optimizer: 0.0001s, Total: 4.4839s
Epoch 1, Step 20, Loss: 10.399032592773438
Step 20 Timing: Forward: 0.3612s, Backward: 4.4514s, Optimizer: 0.0001s, Total: 4.8128s

[Epoch 1] Average Timing over 20 Iterations:
Forward: 0.4270s, Backward: 4.5714s, Optimizer: 0.0001s, Total: 4.9985s
Training complete.
Training complete.
Training complete.
Training complete.
Training complete.
Training complete.
Training complete.
Training complete.
