[2024-12-14 00:43:27,718] [INFO] [real_accelerator.py:219:get_accelerator] Setting ds_accelerator to cuda (auto detect)
[2024-12-14 00:43:27,722] [INFO] [real_accelerator.py:219:get_accelerator] Setting ds_accelerator to cuda (auto detect)
[2024-12-14 00:43:27,728] [INFO] [real_accelerator.py:219:get_accelerator] Setting ds_accelerator to cuda (auto detect)
[2024-12-14 00:43:27,728] [INFO] [real_accelerator.py:219:get_accelerator] Setting ds_accelerator to cuda (auto detect)
[2024-12-14 00:43:27,746] [INFO] [real_accelerator.py:219:get_accelerator] Setting ds_accelerator to cuda (auto detect)
[2024-12-14 00:43:27,750] [INFO] [real_accelerator.py:219:get_accelerator] Setting ds_accelerator to cuda (auto detect)
[2024-12-14 00:43:27,756] [INFO] [real_accelerator.py:219:get_accelerator] Setting ds_accelerator to cuda (auto detect)
[2024-12-14 00:43:27,756] [INFO] [real_accelerator.py:219:get_accelerator] Setting ds_accelerator to cuda (auto detect)
Warning: The cache directory for DeepSpeed Triton autotune, /home/s0/shpc152/.triton/autotune, appears to be on an NFS system. While this is generally acceptable, if you experience slowdowns or hanging when DeepSpeed exits, it is recommended to set the TRITON_CACHE_DIR environment variable to a non-NFS path.
Warning: The cache directory for DeepSpeed Triton autotune, /home/s0/shpc152/.triton/autotune, appears to be on an NFS system. While this is generally acceptable, if you experience slowdowns or hanging when DeepSpeed exits, it is recommended to set the TRITON_CACHE_DIR environment variable to a non-NFS path.
Warning: The cache directory for DeepSpeed Triton autotune, /home/s0/shpc152/.triton/autotune, appears to be on an NFS system. While this is generally acceptable, if you experience slowdowns or hanging when DeepSpeed exits, it is recommended to set the TRITON_CACHE_DIR environment variable to a non-NFS path.
Warning: The cache directory for DeepSpeed Triton autotune, /home/s0/shpc152/.triton/autotune, appears to be on an NFS system. While this is generally acceptable, if you experience slowdowns or hanging when DeepSpeed exits, it is recommended to set the TRITON_CACHE_DIR environment variable to a non-NFS path.
Warning: The cache directory for DeepSpeed Triton autotune, /home/s0/shpc152/.triton/autotune, appears to be on an NFS system. While this is generally acceptable, if you experience slowdowns or hanging when DeepSpeed exits, it is recommended to set the TRITON_CACHE_DIR environment variable to a non-NFS path.
Warning: The cache directory for DeepSpeed Triton autotune, /home/s0/shpc152/.triton/autotune, appears to be on an NFS system. While this is generally acceptable, if you experience slowdowns or hanging when DeepSpeed exits, it is recommended to set the TRITON_CACHE_DIR environment variable to a non-NFS path.
Warning: The cache directory for DeepSpeed Triton autotune, /home/s0/shpc152/.triton/autotune, appears to be on an NFS system. While this is generally acceptable, if you experience slowdowns or hanging when DeepSpeed exits, it is recommended to set the TRITON_CACHE_DIR environment variable to a non-NFS path.
Warning: The cache directory for DeepSpeed Triton autotune, /home/s0/shpc152/.triton/autotune, appears to be on an NFS system. While this is generally acceptable, if you experience slowdowns or hanging when DeepSpeed exits, it is recommended to set the TRITON_CACHE_DIR environment variable to a non-NFS path.
[2024-12-14 00:44:03,521] [INFO] [comm.py:652:init_distributed] cdb=None
[2024-12-14 00:44:03,525] [INFO] [config.py:733:__init__] Config mesh_device None world_size = 8
[2024-12-14 00:44:03,578] [INFO] [comm.py:652:init_distributed] cdb=None
[2024-12-14 00:44:03,589] [INFO] [config.py:733:__init__] Config mesh_device None world_size = 8
[2024-12-14 00:44:03,624] [INFO] [comm.py:652:init_distributed] cdb=None
[2024-12-14 00:44:03,635] [INFO] [config.py:733:__init__] Config mesh_device None world_size = 8
[2024-12-14 00:44:03,785] [INFO] [comm.py:652:init_distributed] cdb=None
[2024-12-14 00:44:03,792] [INFO] [comm.py:652:init_distributed] cdb=None
[2024-12-14 00:44:03,792] [INFO] [config.py:733:__init__] Config mesh_device None world_size = 8
[2024-12-14 00:44:03,795] [INFO] [config.py:733:__init__] Config mesh_device None world_size = 8
[2024-12-14 00:44:03,814] [INFO] [comm.py:652:init_distributed] cdb=None
[2024-12-14 00:44:03,814] [INFO] [comm.py:683:init_distributed] Initializing TorchBackend in DeepSpeed with backend nccl
[2024-12-14 00:44:03,824] [INFO] [logging.py:128:log_dist] [Rank 0] DeepSpeed info: version=0.16.0, git-hash=unknown, git-branch=unknown
[2024-12-14 00:44:03,824] [INFO] [config.py:733:__init__] Config mesh_device None world_size = 8
[2024-12-14 00:44:04,726] [INFO] [comm.py:652:init_distributed] cdb=None
[2024-12-14 00:44:04,735] [INFO] [config.py:733:__init__] Config mesh_device None world_size = 8
[2024-12-14 00:44:05,171] [INFO] [comm.py:652:init_distributed] cdb=None
[2024-12-14 00:44:05,174] [INFO] [config.py:733:__init__] Config mesh_device None world_size = 8
[2024-12-14 00:44:10,158] [INFO] [logging.py:128:log_dist] [Rank 0] DeepSpeed Flops Profiler Enabled: False
Using /home/s0/shpc152/.cache/torch_extensions/py38_cu118 as PyTorch extensions root...
Using /home/s0/shpc152/.cache/torch_extensions/py38_cu118 as PyTorch extensions root...
Using /home/s0/shpc152/.cache/torch_extensions/py38_cu118 as PyTorch extensions root...
Using /home/s0/shpc152/.cache/torch_extensions/py38_cu118 as PyTorch extensions root...
Using /home/s0/shpc152/.cache/torch_extensions/py38_cu118 as PyTorch extensions root...
Emitting ninja build file /home/s0/shpc152/.cache/torch_extensions/py38_cu118/cpu_adam/build.ninja...
Building extension module cpu_adam...
Allowing ninja to set a default number of workers... (overridable by setting the environment variable MAX_JOBS=N)
Using /home/s0/shpc152/.cache/torch_extensions/py38_cu118 as PyTorch extensions root...
ninja: no work to do.
Loading extension module cpu_adam...
Using /home/s0/shpc152/.cache/torch_extensions/py38_cu118 as PyTorch extensions root...
Time to load cpu_adam op: 3.142496109008789 seconds
Adam Optimizer #0 is created with AVX512 arithmetic capability.
Config: alpha=0.000100, betas=(0.900000, 0.999000), weight_decay=0.000000, adam_w=1
Using /home/s0/shpc152/.cache/torch_extensions/py38_cu118 as PyTorch extensions root...
Emitting ninja build file /home/s0/shpc152/.cache/torch_extensions/py38_cu118/cpu_adam/build.ninja...
Building extension module cpu_adam...
Allowing ninja to set a default number of workers... (overridable by setting the environment variable MAX_JOBS=N)
ninja: no work to do.
Loading extension module cpu_adam...
Time to load cpu_adam op: 2.882068395614624 seconds
Adam Optimizer #0 is created with AVX512 arithmetic capability.
Config: alpha=0.000100, betas=(0.900000, 0.999000), weight_decay=0.000000, adam_w=1
Loading extension module cpu_adam...
Time to load cpu_adam op: 2.96335768699646 seconds
Adam Optimizer #0 is created with AVX512 arithmetic capability.
Config: alpha=0.000100, betas=(0.900000, 0.999000), weight_decay=0.000000, adam_w=1
Loading extension module cpu_adam...
Time to load cpu_adam op: 2.75710391998291 seconds
Adam Optimizer #0 is created with AVX512 arithmetic capability.
Config: alpha=0.000100, betas=(0.900000, 0.999000), weight_decay=0.000000, adam_w=1
Loading extension module cpu_adam...
Time to load cpu_adam op: 2.9807651042938232 seconds
Adam Optimizer #0 is created with AVX512 arithmetic capability.
Config: alpha=0.000100, betas=(0.900000, 0.999000), weight_decay=0.000000, adam_w=1
[2024-12-14 00:44:14,957] [INFO] [logging.py:128:log_dist] [Rank 0] Using DeepSpeed Optimizer param name adam as basic optimizer
[2024-12-14 00:44:14,957] [INFO] [logging.py:128:log_dist] [Rank 0] Removing param_group that has no 'params' in the basic Optimizer
[2024-12-14 00:44:15,014] [INFO] [logging.py:128:log_dist] [Rank 0] DeepSpeed Basic Optimizer = DeepSpeedCPUAdam
[2024-12-14 00:44:15,014] [INFO] [utils.py:59:is_zero_supported_optimizer] Checking ZeRO support for optimizer=DeepSpeedCPUAdam type=<class 'deepspeed.ops.adam.cpu_adam.DeepSpeedCPUAdam'>
[2024-12-14 00:44:15,015] [INFO] [logging.py:128:log_dist] [Rank 0] Creating torch.float32 ZeRO stage 2 optimizer
[2024-12-14 00:44:15,015] [INFO] [stage_1_and_2.py:149:__init__] Reduce bucket size 500000000
[2024-12-14 00:44:15,015] [INFO] [stage_1_and_2.py:150:__init__] Allgather bucket size 500000000
[2024-12-14 00:44:15,015] [INFO] [stage_1_and_2.py:151:__init__] CPU Offload: True
[2024-12-14 00:44:15,015] [INFO] [stage_1_and_2.py:152:__init__] Round robin gradient partitioning: False
Loading extension module cpu_adam...
Time to load cpu_adam op: 6.150369644165039 seconds
Adam Optimizer #0 is created with AVX512 arithmetic capability.
Config: alpha=0.000100, betas=(0.900000, 0.999000), weight_decay=0.000000, adam_w=1
Loading extension module cpu_adam...
Time to load cpu_adam op: 6.006900787353516 seconds
Adam Optimizer #0 is created with AVX512 arithmetic capability.
Config: alpha=0.000100, betas=(0.900000, 0.999000), weight_decay=0.000000, adam_w=1
Loading extension module cpu_adam...
Time to load cpu_adam op: 6.092676401138306 seconds
Adam Optimizer #0 is created with AVX512 arithmetic capability.
Config: alpha=0.000100, betas=(0.900000, 0.999000), weight_decay=0.000000, adam_w=1
[2024-12-14 00:44:26,460] [INFO] [utils.py:781:see_memory_usage] Before initializing optimizer states
[2024-12-14 00:44:26,462] [INFO] [utils.py:782:see_memory_usage] MA 3.16 GB         Max_MA 3.16 GB         CA 3.16 GB         Max_CA 3 GB 
[2024-12-14 00:44:26,462] [INFO] [utils.py:789:see_memory_usage] CPU Virtual Memory:  used = 24.78 GB, percent = 5.3%
[2024-12-14 00:44:27,479] [INFO] [utils.py:781:see_memory_usage] After initializing optimizer states
[2024-12-14 00:44:27,480] [INFO] [utils.py:782:see_memory_usage] MA 3.16 GB         Max_MA 3.16 GB         CA 3.16 GB         Max_CA 3 GB 
[2024-12-14 00:44:27,481] [INFO] [utils.py:789:see_memory_usage] CPU Virtual Memory:  used = 27.38 GB, percent = 5.8%
[2024-12-14 00:44:27,481] [INFO] [stage_1_and_2.py:544:__init__] optimizer state initialized
[2024-12-14 00:44:27,771] [INFO] [utils.py:781:see_memory_usage] After initializing ZeRO optimizer
[2024-12-14 00:44:27,773] [INFO] [utils.py:782:see_memory_usage] MA 3.16 GB         Max_MA 3.16 GB         CA 3.16 GB         Max_CA 3 GB 
[2024-12-14 00:44:27,773] [INFO] [utils.py:789:see_memory_usage] CPU Virtual Memory:  used = 27.97 GB, percent = 5.9%
[2024-12-14 00:44:27,775] [INFO] [logging.py:128:log_dist] [Rank 0] DeepSpeed Final Optimizer = DeepSpeedZeroOptimizer
[2024-12-14 00:44:27,775] [INFO] [logging.py:128:log_dist] [Rank 0] DeepSpeed using configured LR scheduler = None
[2024-12-14 00:44:27,775] [INFO] [logging.py:128:log_dist] [Rank 0] DeepSpeed LR Scheduler = None
[2024-12-14 00:44:27,775] [INFO] [logging.py:128:log_dist] [Rank 0] step=0, skipped=0, lr=[0.0001], mom=[(0.9, 0.999)]
[2024-12-14 00:44:27,777] [INFO] [config.py:999:print] DeepSpeedEngine configuration:
[2024-12-14 00:44:27,778] [INFO] [config.py:1003:print]   activation_checkpointing_config  {
    "partition_activations": false, 
    "contiguous_memory_optimization": false, 
    "cpu_checkpointing": false, 
    "number_checkpoints": null, 
    "synchronize_checkpoint_boundary": false, 
    "profile": false
}
[2024-12-14 00:44:27,778] [INFO] [config.py:1003:print]   aio_config ................... {'block_size': 1048576, 'queue_depth': 8, 'thread_count': 1, 'single_submit': False, 'overlap_events': True, 'use_gds': False}
[2024-12-14 00:44:27,778] [INFO] [config.py:1003:print]   amp_enabled .................. False
[2024-12-14 00:44:27,778] [INFO] [config.py:1003:print]   amp_params ................... False
[2024-12-14 00:44:27,779] [INFO] [config.py:1003:print]   autotuning_config ............ {
    "enabled": false, 
    "start_step": null, 
    "end_step": null, 
    "metric_path": null, 
    "arg_mappings": null, 
    "metric": "throughput", 
    "model_info": null, 
    "results_dir": "autotuning_results", 
    "exps_dir": "autotuning_exps", 
    "overwrite": true, 
    "fast": true, 
    "start_profile_step": 3, 
    "end_profile_step": 5, 
    "tuner_type": "gridsearch", 
    "tuner_early_stopping": 5, 
    "tuner_num_trials": 50, 
    "model_info_path": null, 
    "mp_size": 1, 
    "max_train_batch_size": null, 
    "min_train_batch_size": 1, 
    "max_train_micro_batch_size_per_gpu": 1.024000e+03, 
    "min_train_micro_batch_size_per_gpu": 1, 
    "num_tuning_micro_batch_sizes": 3
}
[2024-12-14 00:44:27,779] [INFO] [config.py:1003:print]   bfloat16_enabled ............. False
[2024-12-14 00:44:27,779] [INFO] [config.py:1003:print]   bfloat16_immediate_grad_update  False
[2024-12-14 00:44:27,779] [INFO] [config.py:1003:print]   checkpoint_parallel_write_pipeline  False
[2024-12-14 00:44:27,779] [INFO] [config.py:1003:print]   checkpoint_tag_validation_enabled  True
[2024-12-14 00:44:27,779] [INFO] [config.py:1003:print]   checkpoint_tag_validation_fail  False
[2024-12-14 00:44:27,779] [INFO] [config.py:1003:print]   comms_config ................. <deepspeed.comm.config.DeepSpeedCommsConfig object at 0x14d334e97fd0>
[2024-12-14 00:44:27,779] [INFO] [config.py:1003:print]   communication_data_type ...... None
[2024-12-14 00:44:27,779] [INFO] [config.py:1003:print]   compression_config ........... {'weight_quantization': {'shared_parameters': {'enabled': False, 'quantizer_kernel': False, 'schedule_offset': 0, 'quantize_groups': 1, 'quantize_verbose': False, 'quantization_type': 'symmetric', 'quantize_weight_in_forward': False, 'rounding': 'nearest', 'fp16_mixed_quantize': False, 'quantize_change_ratio': 0.001}, 'different_groups': {}}, 'activation_quantization': {'shared_parameters': {'enabled': False, 'quantization_type': 'symmetric', 'range_calibration': 'dynamic', 'schedule_offset': 1000}, 'different_groups': {}}, 'sparse_pruning': {'shared_parameters': {'enabled': False, 'method': 'l1', 'schedule_offset': 1000}, 'different_groups': {}}, 'row_pruning': {'shared_parameters': {'enabled': False, 'method': 'l1', 'schedule_offset': 1000}, 'different_groups': {}}, 'head_pruning': {'shared_parameters': {'enabled': False, 'method': 'topk', 'schedule_offset': 1000}, 'different_groups': {}}, 'channel_pruning': {'shared_parameters': {'enabled': False, 'method': 'l1', 'schedule_offset': 1000}, 'different_groups': {}}, 'layer_reduction': {'enabled': False}}
[2024-12-14 00:44:27,779] [INFO] [config.py:1003:print]   curriculum_enabled_legacy .... False
[2024-12-14 00:44:27,780] [INFO] [config.py:1003:print]   curriculum_params_legacy ..... False
[2024-12-14 00:44:27,780] [INFO] [config.py:1003:print]   data_efficiency_config ....... {'enabled': False, 'seed': 1234, 'data_sampling': {'enabled': False, 'num_epochs': 1000, 'num_workers': 0, 'curriculum_learning': {'enabled': False}}, 'data_routing': {'enabled': False, 'random_ltd': {'enabled': False, 'layer_token_lr_schedule': {'enabled': False}}}}
[2024-12-14 00:44:27,780] [INFO] [config.py:1003:print]   data_efficiency_enabled ...... False
[2024-12-14 00:44:27,780] [INFO] [config.py:1003:print]   dataloader_drop_last ......... False
[2024-12-14 00:44:27,780] [INFO] [config.py:1003:print]   disable_allgather ............ False
[2024-12-14 00:44:27,780] [INFO] [config.py:1003:print]   dump_state ................... False
[2024-12-14 00:44:27,780] [INFO] [config.py:1003:print]   dynamic_loss_scale_args ...... None
[2024-12-14 00:44:27,780] [INFO] [config.py:1003:print]   eigenvalue_enabled ........... False
[2024-12-14 00:44:27,780] [INFO] [config.py:1003:print]   eigenvalue_gas_boundary_resolution  1
[2024-12-14 00:44:27,780] [INFO] [config.py:1003:print]   eigenvalue_layer_name ........ bert.encoder.layer
[2024-12-14 00:44:27,780] [INFO] [config.py:1003:print]   eigenvalue_layer_num ......... 0
[2024-12-14 00:44:27,780] [INFO] [config.py:1003:print]   eigenvalue_max_iter .......... 100
[2024-12-14 00:44:27,780] [INFO] [config.py:1003:print]   eigenvalue_stability ......... 1e-06
[2024-12-14 00:44:27,781] [INFO] [config.py:1003:print]   eigenvalue_tol ............... 0.01
[2024-12-14 00:44:27,781] [INFO] [config.py:1003:print]   eigenvalue_verbose ........... False
[2024-12-14 00:44:27,781] [INFO] [config.py:1003:print]   elasticity_enabled ........... False
[2024-12-14 00:44:27,786] [INFO] [config.py:1003:print]   flops_profiler_config ........ {
    "enabled": false, 
    "recompute_fwd_factor": 0.0, 
    "profile_step": 1, 
    "module_depth": -1, 
    "top_modules": 1, 
    "detailed": true, 
    "output_file": null
}
[2024-12-14 00:44:27,786] [INFO] [config.py:1003:print]   fp16_auto_cast ............... None
[2024-12-14 00:44:27,786] [INFO] [config.py:1003:print]   fp16_enabled ................. False
[2024-12-14 00:44:27,786] [INFO] [config.py:1003:print]   fp16_master_weights_and_gradients  False
[2024-12-14 00:44:27,786] [INFO] [config.py:1003:print]   global_rank .................. 0
[2024-12-14 00:44:27,786] [INFO] [config.py:1003:print]   grad_accum_dtype ............. None
[2024-12-14 00:44:27,786] [INFO] [config.py:1003:print]   gradient_accumulation_steps .. 32
[2024-12-14 00:44:27,786] [INFO] [config.py:1003:print]   gradient_clipping ............ 0.0
[2024-12-14 00:44:27,787] [INFO] [config.py:1003:print]   gradient_predivide_factor .... 1.0
[2024-12-14 00:44:27,787] [INFO] [config.py:1003:print]   graph_harvesting ............. False
[2024-12-14 00:44:27,787] [INFO] [config.py:1003:print]   hybrid_engine ................ enabled=False max_out_tokens=512 inference_tp_size=1 release_inference_cache=False pin_parameters=True tp_gather_partition_size=8
[2024-12-14 00:44:27,787] [INFO] [config.py:1003:print]   initial_dynamic_scale ........ 65536
[2024-12-14 00:44:27,787] [INFO] [config.py:1003:print]   load_universal_checkpoint .... False
[2024-12-14 00:44:27,787] [INFO] [config.py:1003:print]   loss_scale ................... 0
[2024-12-14 00:44:27,787] [INFO] [config.py:1003:print]   memory_breakdown ............. False
[2024-12-14 00:44:27,787] [INFO] [config.py:1003:print]   mics_hierarchial_params_gather  False
[2024-12-14 00:44:27,787] [INFO] [config.py:1003:print]   mics_shard_size .............. -1
[2024-12-14 00:44:27,787] [INFO] [config.py:1003:print]   monitor_config ............... tensorboard=TensorBoardConfig(enabled=False, output_path='', job_name='DeepSpeedJobName') comet=CometConfig(enabled=False, samples_log_interval=100, project=None, workspace=None, api_key=None, experiment_name=None, experiment_key=None, online=None, mode=None) wandb=WandbConfig(enabled=False, group=None, team=None, project='deepspeed') csv_monitor=CSVConfig(enabled=False, output_path='', job_name='DeepSpeedJobName')
[2024-12-14 00:44:27,788] [INFO] [config.py:1003:print]   nebula_config ................ {
    "enabled": false, 
    "persistent_storage_path": null, 
    "persistent_time_interval": 100, 
    "num_of_version_in_retention": 2, 
    "enable_nebula_load": true, 
    "load_path": null
}
[2024-12-14 00:44:27,788] [INFO] [config.py:1003:print]   optimizer_legacy_fusion ...... False
[2024-12-14 00:44:27,788] [INFO] [config.py:1003:print]   optimizer_name ............... adam
[2024-12-14 00:44:27,788] [INFO] [config.py:1003:print]   optimizer_params ............. {'lr': 0.0001}
[2024-12-14 00:44:27,788] [INFO] [config.py:1003:print]   pipeline ..................... {'stages': 'auto', 'partition': 'best', 'seed_layers': False, 'activation_checkpoint_interval': 0, 'pipe_partitioned': True, 'grad_partitioned': True}
[2024-12-14 00:44:27,788] [INFO] [config.py:1003:print]   pld_enabled .................. False
[2024-12-14 00:44:27,788] [INFO] [config.py:1003:print]   pld_params ................... False
[2024-12-14 00:44:27,788] [INFO] [config.py:1003:print]   prescale_gradients ........... False
[2024-12-14 00:44:27,788] [INFO] [config.py:1003:print]   scheduler_name ............... None
[2024-12-14 00:44:27,788] [INFO] [config.py:1003:print]   scheduler_params ............. None
[2024-12-14 00:44:27,788] [INFO] [config.py:1003:print]   seq_parallel_communication_data_type  torch.float32
[2024-12-14 00:44:27,788] [INFO] [config.py:1003:print]   sparse_attention ............. None
[2024-12-14 00:44:27,788] [INFO] [config.py:1003:print]   sparse_gradients_enabled ..... False
[2024-12-14 00:44:27,789] [INFO] [config.py:1003:print]   steps_per_print .............. None
[2024-12-14 00:44:27,789] [INFO] [config.py:1003:print]   timers_config ................ enabled=True synchronized=True
[2024-12-14 00:44:27,789] [INFO] [config.py:1003:print]   train_batch_size ............. 512
[2024-12-14 00:44:27,789] [INFO] [config.py:1003:print]   train_micro_batch_size_per_gpu  2
[2024-12-14 00:44:27,789] [INFO] [config.py:1003:print]   use_data_before_expert_parallel_  False
[2024-12-14 00:44:27,789] [INFO] [config.py:1003:print]   use_node_local_storage ....... False
[2024-12-14 00:44:27,789] [INFO] [config.py:1003:print]   wall_clock_breakdown ......... False
[2024-12-14 00:44:27,789] [INFO] [config.py:1003:print]   weight_quantization_config ... None
[2024-12-14 00:44:27,789] [INFO] [config.py:1003:print]   world_size ................... 8
[2024-12-14 00:44:27,789] [INFO] [config.py:1003:print]   zero_allow_untested_optimizer  False
[2024-12-14 00:44:27,789] [INFO] [config.py:1003:print]   zero_config .................. stage=2 contiguous_gradients=True reduce_scatter=True reduce_bucket_size=500000000 use_multi_rank_bucket_allreduce=True allgather_partitions=True allgather_bucket_size=500000000 overlap_comm=True load_from_fp32_weights=True elastic_checkpoint=False offload_param=DeepSpeedZeroOffloadParamConfig(device='cpu', nvme_path=None, buffer_count=5, buffer_size=100000000, max_in_cpu=1000000000, pin_memory=True) offload_optimizer=DeepSpeedZeroOffloadOptimizerConfig(device='cpu', nvme_path=None, buffer_count=4, pin_memory=True, pipeline_read=False, pipeline_write=False, fast_init=False, ratio=1.0) sub_group_size=1000000000 cpu_offload_param=None cpu_offload_use_pin_memory=None cpu_offload=None prefetch_bucket_size=50000000 param_persistence_threshold=100000 model_persistence_threshold=9223372036854775807 max_live_parameters=1000000000 max_reuse_distance=1000000000 gather_16bit_weights_on_model_save=False module_granularity_threshold=0 use_all_reduce_for_fetch_params=False stage3_gather_fp16_weights_on_model_save=False ignore_unused_parameters=True legacy_stage1=False round_robin_gradients=False zero_hpz_partition_size=1 zero_quantized_weights=False zero_quantized_nontrainable_weights=False zero_quantized_gradients=False mics_shard_size=-1 mics_hierarchical_params_gather=False memory_efficient_linear=True pipeline_loading_checkpoint=False override_module_apply=True
[2024-12-14 00:44:27,790] [INFO] [config.py:1003:print]   zero_enabled ................. True
[2024-12-14 00:44:27,790] [INFO] [config.py:1003:print]   zero_force_ds_cpu_optimizer .. True
[2024-12-14 00:44:27,790] [INFO] [config.py:1003:print]   zero_optimization_stage ...... 2
[2024-12-14 00:44:27,790] [INFO] [config.py:989:print_user_config]   json = {
    "train_batch_size": 512, 
    "train_micro_batch_size_per_gpu": 2, 
    "zero_optimization": {
        "stage": 2, 
        "allgather_partitions": true, 
        "allgather_bucket_size": 5.000000e+08, 
        "reduce_scatter": true, 
        "overlap_comm": true, 
        "offload_optimizer": {
            "device": "cpu", 
            "pin_memory": true, 
            "buffer_count": 4
        }, 
        "offload_param": {
            "device": "cpu", 
            "pin_memory": true
        }
    }, 
    "optimizer": {
        "type": "Adam", 
        "params": {
            "lr": 0.0001
        }
    }
}
Epoch 1, Step 0, Loss: 10.502073287963867
Forward Mem Usage: 11629019648 bytes
Backward Mem Usage: -10067811840 bytes
Optimizer Mem Usage: 0 bytes
Epoch 1, Step 10, Loss: 10.633646011352539
Forward Mem Usage: 10076332544 bytes
Backward Mem Usage: -10076332032 bytes
Optimizer Mem Usage: 0 bytes
Epoch 2, Step 0, Loss: 10.805164337158203
Forward Mem Usage: 10076332544 bytes
Backward Mem Usage: -10076332032 bytes
Optimizer Mem Usage: 0 bytes
Epoch 2, Step 10, Loss: 10.554038047790527
Forward Mem Usage: 10076332544 bytes
Backward Mem Usage: -10076332032 bytes
Optimizer Mem Usage: 0 bytes
slurmstepd: error: *** STEP 1122984.0 ON a04 CANCELLED AT 2024-12-14T00:48:21 DUE TO TIME LIMIT ***
srun: Job step aborted: Waiting up to 7 seconds for job step to finish.
slurmstepd: error: *** JOB 1122984 ON a04 CANCELLED AT 2024-12-14T00:48:21 DUE TO TIME LIMIT ***
W1214 00:48:21.569100 23295963629376 torch/distributed/elastic/agent/server/api.py:688] Received Signals.SIGTERM death signal, shutting down workers
W1214 00:48:21.569626 23295963629376 torch/distributed/elastic/multiprocessing/api.py:858] Sending process 678805 closing signal SIGTERM
W1214 00:48:21.569854 23295963629376 torch/distributed/elastic/multiprocessing/api.py:858] Sending process 678806 closing signal SIGTERM
W1214 00:48:21.570035 23295963629376 torch/distributed/elastic/multiprocessing/api.py:858] Sending process 678807 closing signal SIGTERM
W1214 00:48:21.570200 23295963629376 torch/distributed/elastic/multiprocessing/api.py:858] Sending process 678808 closing signal SIGTERM
W1214 00:48:21.571172 23295963629376 torch/distributed/elastic/multiprocessing/api.py:858] Sending process 678805 closing signal SIGTERM
W1214 00:48:21.593026 23274010330944 torch/distributed/elastic/agent/server/api.py:688] Received Signals.SIGTERM death signal, shutting down workers
W1214 00:48:21.594022 23274010330944 torch/distributed/elastic/multiprocessing/api.py:858] Sending process 723455 closing signal SIGTERM
W1214 00:48:21.594256 23274010330944 torch/distributed/elastic/multiprocessing/api.py:858] Sending process 723456 closing signal SIGTERM
W1214 00:48:21.594429 23274010330944 torch/distributed/elastic/multiprocessing/api.py:858] Sending process 723457 closing signal SIGTERM
W1214 00:48:21.594583 23274010330944 torch/distributed/elastic/multiprocessing/api.py:858] Sending process 723458 closing signal SIGTERM
W1214 00:48:21.571320 23295963629376 torch/distributed/elastic/multiprocessing/api.py:858] Sending process 678806 closing signal SIGTERM
W1214 00:48:21.571407 23295963629376 torch/distributed/elastic/multiprocessing/api.py:858] Sending process 678807 closing signal SIGTERM
W1214 00:48:21.571486 23295963629376 torch/distributed/elastic/multiprocessing/api.py:858] Sending process 678808 closing signal SIGTERM
W1214 00:48:21.595456 23274010330944 torch/distributed/elastic/multiprocessing/api.py:858] Sending process 723455 closing signal SIGTERM
W1214 00:48:21.595621 23274010330944 torch/distributed/elastic/multiprocessing/api.py:858] Sending process 723456 closing signal SIGTERM
W1214 00:48:21.595743 23274010330944 torch/distributed/elastic/multiprocessing/api.py:858] Sending process 723457 closing signal SIGTERM
W1214 00:48:21.595848 23274010330944 torch/distributed/elastic/multiprocessing/api.py:858] Sending process 723458 closing signal SIGTERM
